<?xml version="1.0" encoding="UTF-8"?>
<testsuite name="SudokuTestSuite" tests="1" skipped="0" failures="0" errors="0" timestamp="2022-08-23T12:27:57" hostname="MBP-Sebastian.home" time="0.028">
  <properties/>
  <testcase name="deepCloneBoardTest()" classname="SudokuTestSuite" time="0.028"/>
  <system-out><![CDATA[|_ |_ |_ |_ |_ |_ |_ |_ |_ |_
|_1|_ |_ |_ |_ |_ |_ |_ |_ |_
|_ |_ |_ |_ |_ |_ |_ |_ |_ |_
|_ |_ |_ |_ |_ |_ |_ |_ |_ |_
|_ |_ |_ |_ |_ |_ |_ |_ |_ |_
|_ |_ |_ |_ |_ |_ |_ |_ |_ |_
|_ |_ |_ |_ |_ |_ |_ |_ |_ |_
|_ |_ |_ |_ |_ |_ |_ |_ |_ |_
|_ |_ |_ |_ |_ |_ |_ |_ |_ |_

|_ |_3|_ |_ |_ |_ |_ |_ |_ |_
|_1|_ |_ |_ |_ |_ |_ |_ |_ |_
|_ |_ |_ |_ |_ |_ |_ |_ |_ |_
|_ |_ |_ |_ |_ |_ |_ |_ |_ |_
|_ |_ |_ |_ |_ |_ |_ |_ |_ |_
|_ |_ |_ |_ |_ |_ |_ |_ |_ |_
|_ |_ |_ |_ |_ |_ |_ |_ |_ |_
|_ |_ |_ |_ |_ |_ |_ |_ |_ |_
|_ |_ |_ |_ |_ |_ |_ |_ |_ |_

|_ |_3|_ |_ |_ |_ |_ |_ |_ |_
|_1|_5|_ |_ |_ |_ |_ |_ |_ |_
|_ |_ |_ |_ |_ |_ |_ |_ |_ |_
|_ |_ |_ |_ |_ |_ |_ |_ |_ |_
|_ |_ |_ |_ |_ |_ |_ |_ |_ |_
|_ |_ |_ |_ |_ |_ |_ |_ |_ |_
|_ |_ |_ |_ |_ |_ |_ |_ |_ |_
|_ |_ |_ |_ |_ |_ |_ |_ |_ |_
|_ |_ |_ |_ |_ |_ |_ |_ |_ |_

|_ |_3|_ |_ |_ |_ |_ |_ |_ |_
|_1|_5|_ |_ |_ |_ |_ |_ |_ |_
|_ |_6|_ |_ |_ |_ |_ |_ |_ |_
|_ |_ |_ |_ |_ |_ |_ |_ |_ |_
|_ |_ |_ |_ |_ |_ |_ |_ |_ |_
|_ |_ |_ |_ |_ |_ |_ |_ |_ |_
|_ |_ |_ |_ |_ |_ |_ |_ |_ |_
|_ |_ |_ |_ |_ |_ |_ |_ |_ |_
|_ |_ |_ |_ |_ |_ |_ |_ |_ |_

|_ |_3|_ |_ |_ |_ |_ |_ |_ |_
|_1|_5|_ |_ |_ |_ |_ |_ |_ |_
|_ |_6|_ |_ |_ |_ |_ |_ |_ |_
|_6|_ |_ |_ |_ |_ |_ |_ |_ |_
|_ |_ |_ |_ |_ |_ |_ |_ |_ |_
|_ |_ |_ |_ |_ |_ |_ |_ |_ |_
|_ |_ |_ |_ |_ |_ |_ |_ |_ |_
|_ |_ |_ |_ |_ |_ |_ |_ |_ |_
|_ |_ |_ |_ |_ |_ |_ |_ |_ |_

|_ |_3|_ |_ |_ |_ |_ |_ |_ |_
|_1|_5|_ |_ |_ |_ |_ |_ |_ |_
|_ |_6|_ |_ |_ |_ |_ |_ |_ |_
|_6|_ |_ |_ |_ |_ |_ |_ |_ |_
|_ |_ |_5|_ |_ |_ |_ |_ |_ |_
|_ |_ |_ |_ |_ |_ |_ |_ |_ |_
|_ |_ |_ |_ |_ |_ |_ |_ |_ |_
|_ |_ |_ |_ |_ |_ |_ |_ |_ |_
|_ |_ |_ |_ |_ |_ |_ |_ |_ |_

|_ |_3|_ |_ |_ |_ |_ |_ |_ |_
|_1|_5|_ |_ |_ |_ |_ |_ |_ |_
|_ |_6|_ |_ |_ |_ |_ |_ |_ |_
|_6|_ |_ |_ |_ |_ |_ |_ |_ |_
|_ |_ |_5|_ |_ |_ |_ |_ |_ |_
|_4|_ |_ |_ |_ |_ |_ |_ |_ |_
|_ |_ |_ |_ |_ |_ |_ |_ |_ |_
|_ |_ |_ |_ |_ |_ |_ |_ |_ |_
|_ |_ |_ |_ |_ |_ |_ |_ |_ |_

|_ |_3|_ |_ |_ |_ |_ |_ |_ |_
|_1|_5|_ |_ |_ |_ |_ |_ |_ |_
|_ |_6|_ |_ |_ |_ |_ |_ |_ |_
|_6|_ |_ |_ |_ |_ |_ |_ |_ |_
|_ |_ |_5|_ |_ |_ |_ |_ |_ |_
|_4|_ |_3|_ |_ |_ |_ |_ |_ |_
|_ |_ |_ |_ |_ |_ |_ |_ |_ |_
|_ |_ |_ |_ |_ |_ |_ |_ |_ |_
|_ |_ |_ |_ |_ |_ |_ |_ |_ |_

|_ |_3|_ |_ |_ |_ |_ |_ |_ |_
|_1|_5|_ |_ |_ |_ |_ |_ |_ |_
|_ |_6|_ |_ |_ |_ |_ |_ |_ |_
|_6|_ |_ |_ |_ |_ |_ |_ |_ |_
|_ |_ |_5|_ |_ |_ |_ |_ |_ |_
|_4|_ |_3|_ |_ |_ |_ |_ |_ |_
|_3|_ |_ |_ |_ |_ |_ |_ |_ |_
|_ |_ |_ |_ |_ |_ |_ |_ |_ |_
|_ |_ |_ |_ |_ |_ |_ |_ |_ |_

|_ |_3|_ |_ |_ |_ |_ |_ |_ |_
|_1|_5|_ |_ |_ |_ |_ |_ |_ |_
|_ |_6|_ |_ |_ |_ |_ |_ |_ |_
|_6|_ |_ |_ |_ |_ |_ |_ |_ |_
|_ |_ |_5|_ |_ |_ |_ |_ |_ |_
|_4|_ |_3|_ |_ |_ |_ |_ |_ |_
|_3|_ |_6|_ |_ |_ |_ |_ |_ |_
|_ |_ |_ |_ |_ |_ |_ |_ |_ |_
|_ |_ |_ |_ |_ |_ |_ |_ |_ |_

|_ |_3|_ |_ |_ |_ |_ |_ |_ |_
|_1|_5|_ |_ |_ |_ |_ |_ |_ |_
|_ |_6|_ |_ |_ |_ |_ |_ |_ |_
|_6|_ |_ |_ |_ |_ |_ |_ |_ |_
|_ |_ |_5|_ |_ |_ |_ |_ |_ |_
|_4|_ |_3|_ |_ |_ |_ |_ |_ |_
|_3|_ |_6|_ |_ |_ |_ |_ |_ |_
|_ |_ |_ |_ |_ |_ |_ |_ |_ |_
|_7|_ |_ |_ |_ |_ |_ |_ |_ |_

|_ |_3|_ |_ |_ |_ |_ |_ |_ |_
|_1|_5|_ |_ |_ |_ |_ |_ |_ |_
|_ |_6|_ |_ |_ |_ |_ |_ |_ |_
|_6|_ |_ |_ |_ |_ |_ |_ |_ |_
|_ |_ |_5|_ |_ |_ |_ |_ |_ |_
|_4|_ |_3|_ |_ |_ |_ |_ |_ |_
|_3|_ |_6|_ |_ |_ |_ |_ |_ |_
|_ |_ |_9|_ |_ |_ |_ |_ |_ |_
|_7|_ |_ |_ |_ |_ |_ |_ |_ |_

|_ |_3|_ |_ |_ |_ |_ |_ |_ |_
|_1|_5|_ |_8|_ |_ |_ |_ |_ |_
|_ |_6|_ |_ |_ |_ |_ |_ |_ |_
|_6|_ |_ |_ |_ |_ |_ |_ |_ |_
|_ |_ |_5|_ |_ |_ |_ |_ |_ |_
|_4|_ |_3|_ |_ |_ |_ |_ |_ |_
|_3|_ |_6|_ |_ |_ |_ |_ |_ |_
|_ |_ |_9|_ |_ |_ |_ |_ |_ |_
|_7|_ |_ |_ |_ |_ |_ |_ |_ |_

|_ |_3|_ |_ |_ |_ |_ |_ |_ |_
|_1|_5|_ |_8|_ |_ |_ |_ |_ |_
|_ |_6|_ |_3|_ |_ |_ |_ |_ |_
|_6|_ |_ |_ |_ |_ |_ |_ |_ |_
|_ |_ |_5|_ |_ |_ |_ |_ |_ |_
|_4|_ |_3|_ |_ |_ |_ |_ |_ |_
|_3|_ |_6|_ |_ |_ |_ |_ |_ |_
|_ |_ |_9|_ |_ |_ |_ |_ |_ |_
|_7|_ |_ |_ |_ |_ |_ |_ |_ |_

|_ |_3|_ |_ |_ |_4|_ |_ |_ |_
|_1|_5|_ |_8|_ |_ |_ |_ |_ |_
|_ |_6|_ |_3|_ |_ |_ |_ |_ |_
|_6|_ |_ |_ |_ |_ |_ |_ |_ |_
|_ |_ |_5|_ |_ |_ |_ |_ |_ |_
|_4|_ |_3|_ |_ |_ |_ |_ |_ |_
|_3|_ |_6|_ |_ |_ |_ |_ |_ |_
|_ |_ |_9|_ |_ |_ |_ |_ |_ |_
|_7|_ |_ |_ |_ |_ |_ |_ |_ |_

|_ |_3|_ |_ |_ |_4|_ |_ |_ |_
|_1|_5|_ |_8|_ |_ |_ |_ |_ |_
|_ |_6|_ |_3|_ |_5|_ |_ |_ |_
|_6|_ |_ |_ |_ |_ |_ |_ |_ |_
|_ |_ |_5|_ |_ |_ |_ |_ |_ |_
|_4|_ |_3|_ |_ |_ |_ |_ |_ |_
|_3|_ |_6|_ |_ |_ |_ |_ |_ |_
|_ |_ |_9|_ |_ |_ |_ |_ |_ |_
|_7|_ |_ |_ |_ |_ |_ |_ |_ |_

|_ |_3|_ |_ |_ |_4|_ |_ |_ |_
|_1|_5|_ |_8|_ |_ |_ |_ |_ |_
|_ |_6|_ |_3|_ |_5|_ |_ |_ |_
|_6|_ |_ |_2|_ |_ |_ |_ |_ |_
|_ |_ |_5|_ |_ |_ |_ |_ |_ |_
|_4|_ |_3|_ |_ |_ |_ |_ |_ |_
|_3|_ |_6|_ |_ |_ |_ |_ |_ |_
|_ |_ |_9|_ |_ |_ |_ |_ |_ |_
|_7|_ |_ |_ |_ |_ |_ |_ |_ |_

|_ |_3|_ |_ |_ |_4|_ |_ |_ |_
|_1|_5|_ |_8|_ |_ |_ |_ |_ |_
|_ |_6|_ |_3|_ |_5|_ |_ |_ |_
|_6|_ |_ |_2|_ |_ |_ |_ |_ |_
|_ |_ |_5|_6|_ |_ |_ |_ |_ |_
|_4|_ |_3|_ |_ |_ |_ |_ |_ |_
|_3|_ |_6|_ |_ |_ |_ |_ |_ |_
|_ |_ |_9|_ |_ |_ |_ |_ |_ |_
|_7|_ |_ |_ |_ |_ |_ |_ |_ |_

|_ |_3|_ |_ |_ |_4|_ |_ |_ |_
|_1|_5|_ |_8|_ |_ |_ |_ |_ |_
|_ |_6|_ |_3|_ |_5|_ |_ |_ |_
|_6|_ |_ |_2|_ |_ |_ |_ |_ |_
|_ |_ |_5|_6|_ |_7|_ |_ |_ |_
|_4|_ |_3|_ |_ |_ |_ |_ |_ |_
|_3|_ |_6|_ |_ |_ |_ |_ |_ |_
|_ |_ |_9|_ |_ |_ |_ |_ |_ |_
|_7|_ |_ |_ |_ |_ |_ |_ |_ |_

|_ |_3|_ |_ |_ |_4|_ |_ |_ |_
|_1|_5|_ |_8|_ |_ |_ |_ |_ |_
|_ |_6|_ |_3|_ |_5|_ |_ |_ |_
|_6|_ |_ |_2|_ |_ |_ |_ |_ |_
|_ |_ |_5|_6|_ |_7|_ |_ |_ |_
|_4|_ |_3|_ |_ |_8|_ |_ |_ |_
|_3|_ |_6|_ |_ |_ |_ |_ |_ |_
|_ |_ |_9|_ |_ |_ |_ |_ |_ |_
|_7|_ |_ |_ |_ |_ |_ |_ |_ |_

|_ |_3|_ |_ |_ |_4|_ |_ |_ |_
|_1|_5|_ |_8|_ |_ |_ |_ |_ |_
|_ |_6|_ |_3|_ |_5|_ |_ |_ |_
|_6|_ |_ |_2|_ |_ |_ |_ |_ |_
|_ |_ |_5|_6|_ |_7|_ |_ |_ |_
|_4|_ |_3|_ |_ |_8|_ |_ |_ |_
|_3|_ |_6|_4|_ |_ |_ |_ |_ |_
|_ |_ |_9|_ |_ |_ |_ |_ |_ |_
|_7|_ |_ |_ |_ |_ |_ |_ |_ |_

|_ |_3|_ |_ |_ |_4|_ |_ |_ |_
|_1|_5|_ |_8|_ |_ |_ |_ |_ |_
|_ |_6|_ |_3|_ |_5|_ |_ |_ |_
|_6|_ |_ |_2|_ |_ |_ |_ |_ |_
|_ |_ |_5|_6|_ |_7|_ |_ |_ |_
|_4|_ |_3|_ |_ |_8|_ |_ |_ |_
|_3|_ |_6|_4|_ |_ |_ |_ |_ |_
|_ |_ |_9|_ |_ |_ |_ |_ |_ |_
|_7|_ |_ |_9|_ |_ |_ |_ |_ |_

|_ |_3|_ |_ |_ |_4|_ |_ |_ |_
|_1|_5|_ |_8|_ |_ |_ |_ |_ |_
|_ |_6|_ |_3|_ |_5|_ |_ |_ |_
|_6|_ |_ |_2|_ |_ |_ |_ |_ |_
|_ |_ |_5|_6|_ |_7|_ |_ |_ |_
|_4|_ |_3|_ |_ |_8|_ |_ |_ |_
|_3|_ |_6|_4|_ |_2|_ |_ |_ |_
|_ |_ |_9|_ |_ |_ |_ |_ |_ |_
|_7|_ |_ |_9|_ |_ |_ |_ |_ |_

|_ |_3|_ |_ |_ |_4|_ |_ |_ |_
|_1|_5|_ |_8|_ |_ |_ |_ |_ |_
|_ |_6|_ |_3|_ |_5|_ |_ |_ |_
|_6|_ |_ |_2|_ |_ |_ |_ |_ |_
|_ |_ |_5|_6|_ |_7|_ |_ |_ |_
|_4|_ |_3|_ |_ |_8|_ |_ |_ |_
|_3|_ |_6|_4|_ |_2|_ |_ |_ |_
|_ |_ |_9|_ |_ |_6|_ |_ |_ |_
|_7|_ |_ |_9|_ |_ |_ |_ |_ |_

|_ |_3|_ |_ |_ |_4|_ |_ |_ |_
|_1|_5|_ |_8|_ |_ |_4|_ |_ |_
|_ |_6|_ |_3|_ |_5|_ |_ |_ |_
|_6|_ |_ |_2|_ |_ |_ |_ |_ |_
|_ |_ |_5|_6|_ |_7|_ |_ |_ |_
|_4|_ |_3|_ |_ |_8|_ |_ |_ |_
|_3|_ |_6|_4|_ |_2|_ |_ |_ |_
|_ |_ |_9|_ |_ |_6|_ |_ |_ |_
|_7|_ |_ |_9|_ |_ |_ |_ |_ |_

|_ |_3|_ |_ |_ |_4|_ |_ |_ |_
|_1|_5|_ |_8|_ |_ |_4|_ |_ |_
|_ |_6|_ |_3|_ |_5|_2|_ |_ |_
|_6|_ |_ |_2|_ |_ |_ |_ |_ |_
|_ |_ |_5|_6|_ |_7|_ |_ |_ |_
|_4|_ |_3|_ |_ |_8|_ |_ |_ |_
|_3|_ |_6|_4|_ |_2|_ |_ |_ |_
|_ |_ |_9|_ |_ |_6|_ |_ |_ |_
|_7|_ |_ |_9|_ |_ |_ |_ |_ |_

|_ |_3|_ |_ |_ |_4|_ |_ |_7|_
|_1|_5|_ |_8|_ |_ |_4|_ |_ |_
|_ |_6|_ |_3|_ |_5|_2|_ |_ |_
|_6|_ |_ |_2|_ |_ |_ |_ |_ |_
|_ |_ |_5|_6|_ |_7|_ |_ |_ |_
|_4|_ |_3|_ |_ |_8|_ |_ |_ |_
|_3|_ |_6|_4|_ |_2|_ |_ |_ |_
|_ |_ |_9|_ |_ |_6|_ |_ |_ |_
|_7|_ |_ |_9|_ |_ |_ |_ |_ |_

|_ |_3|_ |_ |_ |_4|_ |_ |_7|_
|_1|_5|_ |_8|_ |_ |_4|_ |_ |_
|_ |_6|_ |_3|_ |_5|_2|_ |_9|_
|_6|_ |_ |_2|_ |_ |_ |_ |_ |_
|_ |_ |_5|_6|_ |_7|_ |_ |_ |_
|_4|_ |_3|_ |_ |_8|_ |_ |_ |_
|_3|_ |_6|_4|_ |_2|_ |_ |_ |_
|_ |_ |_9|_ |_ |_6|_ |_ |_ |_
|_7|_ |_ |_9|_ |_ |_ |_ |_ |_

|_ |_3|_ |_ |_ |_4|_ |_ |_7|_
|_1|_5|_ |_8|_ |_ |_4|_ |_ |_
|_ |_6|_ |_3|_ |_5|_2|_ |_9|_
|_6|_ |_ |_2|_ |_ |_5|_ |_ |_
|_ |_ |_5|_6|_ |_7|_ |_ |_ |_
|_4|_ |_3|_ |_ |_8|_ |_ |_ |_
|_3|_ |_6|_4|_ |_2|_ |_ |_ |_
|_ |_ |_9|_ |_ |_6|_ |_ |_ |_
|_7|_ |_ |_9|_ |_ |_ |_ |_ |_

|_ |_3|_ |_ |_ |_4|_ |_ |_7|_
|_1|_5|_ |_8|_ |_ |_4|_ |_ |_
|_ |_6|_ |_3|_ |_5|_2|_ |_9|_
|_6|_ |_ |_2|_ |_ |_5|_ |_ |_
|_ |_ |_5|_6|_ |_7|_3|_ |_ |_
|_4|_ |_3|_ |_ |_8|_ |_ |_ |_
|_3|_ |_6|_4|_ |_2|_ |_ |_ |_
|_ |_ |_9|_ |_ |_6|_ |_ |_ |_
|_7|_ |_ |_9|_ |_ |_ |_ |_ |_

|_ |_3|_ |_ |_ |_4|_ |_ |_7|_
|_1|_5|_ |_8|_ |_ |_4|_ |_ |_
|_ |_6|_ |_3|_ |_5|_2|_ |_9|_
|_6|_ |_ |_2|_ |_ |_5|_ |_4|_
|_ |_ |_5|_6|_ |_7|_3|_ |_ |_
|_4|_ |_3|_ |_ |_8|_ |_ |_ |_
|_3|_ |_6|_4|_ |_2|_ |_ |_ |_
|_ |_ |_9|_ |_ |_6|_ |_ |_ |_
|_7|_ |_ |_9|_ |_ |_ |_ |_ |_

|_ |_3|_ |_ |_ |_4|_ |_ |_7|_
|_1|_5|_ |_8|_ |_ |_4|_ |_ |_
|_ |_6|_ |_3|_ |_5|_2|_ |_9|_
|_6|_ |_ |_2|_ |_ |_5|_ |_4|_
|_ |_ |_5|_6|_ |_7|_3|_ |_ |_
|_4|_ |_3|_ |_ |_8|_ |_ |_2|_
|_3|_ |_6|_4|_ |_2|_ |_ |_ |_
|_ |_ |_9|_ |_ |_6|_ |_ |_ |_
|_7|_ |_ |_9|_ |_ |_ |_ |_ |_

|_ |_3|_ |_ |_ |_4|_ |_ |_7|_
|_1|_5|_ |_8|_ |_ |_4|_ |_ |_
|_ |_6|_ |_3|_ |_5|_2|_ |_9|_
|_6|_ |_ |_2|_ |_ |_5|_ |_4|_
|_ |_ |_5|_6|_ |_7|_3|_ |_ |_
|_4|_ |_3|_ |_ |_8|_ |_ |_2|_
|_3|_ |_6|_4|_ |_2|_ |_7|_ |_
|_ |_ |_9|_ |_ |_6|_ |_ |_ |_
|_7|_ |_ |_9|_ |_ |_ |_ |_ |_

|_ |_3|_ |_ |_ |_4|_ |_ |_7|_
|_1|_5|_ |_8|_ |_ |_4|_ |_ |_
|_ |_6|_ |_3|_ |_5|_2|_ |_9|_
|_6|_ |_ |_2|_ |_ |_5|_ |_4|_
|_ |_ |_5|_6|_ |_7|_3|_ |_ |_
|_4|_ |_3|_ |_ |_8|_ |_ |_2|_
|_3|_ |_6|_4|_ |_2|_ |_7|_ |_
|_ |_ |_9|_ |_ |_6|_ |_2|_ |_
|_7|_ |_ |_9|_ |_ |_ |_ |_ |_

|_ |_3|_ |_ |_ |_4|_ |_ |_7|_
|_1|_5|_ |_8|_ |_ |_4|_ |_ |_
|_ |_6|_ |_3|_ |_5|_2|_ |_9|_
|_6|_ |_ |_2|_ |_ |_5|_ |_4|_
|_ |_ |_5|_6|_ |_7|_3|_ |_ |_
|_4|_ |_3|_ |_ |_8|_ |_ |_2|_
|_3|_ |_6|_4|_ |_2|_ |_7|_ |_
|_ |_ |_9|_ |_ |_6|_ |_2|_ |_
|_7|_ |_ |_9|_ |_ |_ |_4|_ |_

|_ |_3|_ |_ |_ |_4|_ |_ |_7|_
|_1|_5|_ |_8|_ |_ |_4|_ |_ |_
|_ |_6|_ |_3|_ |_5|_2|_ |_9|_
|_6|_ |_ |_2|_ |_ |_5|_ |_4|_
|_ |_ |_5|_6|_ |_7|_3|_ |_ |_
|_4|_ |_3|_ |_ |_8|_ |_ |_2|_
|_3|_ |_6|_4|_ |_2|_ |_7|_ |_
|_ |_ |_9|_ |_ |_6|_ |_2|_8|_
|_7|_ |_ |_9|_ |_ |_ |_4|_ |_

|_ |_3|_ |_ |_ |_4|_ |_ |_7|_
|_1|_5|_ |_8|_ |_ |_4|_ |_ |_
|_ |_6|_ |_3|_ |_5|_2|_ |_9|_
|_6|_ |_ |_2|_ |_ |_5|_ |_4|_
|_ |_ |_5|_6|_ |_7|_3|_ |_ |_
|_4|_ |_3|_ |_ |_8|_ |_ |_2|_
|_3|_ |_6|_4|_ |_2|_ |_7|_ |_
|_ |_ |_9|_ |_ |_6|_ |_2|_8|_
|_7|_ |_ |_9|_ |_ |_ |_4|_ |_


 copy :: 

|_ |_3|_ |_ |_ |_4|_ |_ |_7|_
|_1|_5|_ |_8|_ |_ |_4|_ |_ |_
|_ |_6|_ |_3|_ |_5|_2|_ |_9|_
|_6|_ |_ |_2|_ |_ |_5|_ |_4|_
|_ |_ |_5|_6|_ |_7|_3|_ |_ |_
|_4|_ |_3|_ |_ |_8|_ |_ |_2|_
|_3|_ |_6|_4|_ |_2|_ |_7|_ |_
|_ |_ |_9|_ |_ |_6|_ |_2|_8|_
|_7|_ |_ |_9|_ |_ |_ |_4|_ |_


TEST~Y!
|_8|_3|_ |_ |_ |_4|_ |_ |_7|_
|_1|_5|_ |_8|_ |_ |_4|_ |_ |_
|_ |_6|_ |_3|_ |_5|_2|_ |_9|_
|_6|_ |_ |_2|_ |_ |_5|_ |_4|_
|_ |_ |_5|_6|_ |_7|_3|_ |_ |_
|_4|_ |_3|_ |_ |_8|_ |_ |_2|_
|_3|_ |_6|_4|_ |_2|_ |_7|_ |_
|_ |_ |_9|_ |_ |_6|_ |_2|_8|_
|_7|_ |_ |_9|_ |_ |_ |_4|_ |_

|_8|_3|_ |_ |_ |_4|_ |_ |_7|_
|_1|_5|_ |_8|_ |_ |_4|_ |_ |_
|_ |_6|_ |_3|_ |_5|_2|_ |_9|_
|_6|_ |_ |_2|_ |_ |_5|_ |_4|_
|_ |_ |_5|_6|_ |_7|_3|_ |_ |_
|_4|_ |_3|_ |_ |_8|_ |_ |_2|_
|_3|_ |_6|_4|_ |_2|_ |_7|_ |_
|_ |_ |_9|_ |_ |_6|_ |_2|_8|_
|_7|_ |_ |_9|_ |_ |_ |_4|_ |_

|_ |_3|_ |_ |_ |_4|_ |_ |_7|_
|_1|_5|_ |_8|_ |_ |_4|_ |_ |_
|_ |_6|_ |_3|_ |_5|_2|_ |_9|_
|_6|_ |_ |_2|_ |_ |_5|_ |_4|_
|_ |_ |_5|_6|_ |_7|_3|_ |_ |_
|_4|_ |_3|_ |_ |_8|_ |_ |_2|_
|_3|_ |_6|_4|_ |_2|_ |_7|_ |_
|_ |_ |_9|_ |_ |_6|_ |_2|_8|_
|_7|_ |_ |_9|_ |_ |_ |_4|_ |_

|_ |_3|_ |_ |_ |_4|_ |_ |_7|_
|_1|_5|_ |_8|_ |_ |_4|_ |_ |_
|_ |_6|_ |_3|_ |_5|_2|_ |_9|_
|_6|_ |_ |_2|_ |_ |_5|_ |_4|_
|_ |_ |_5|_6|_ |_7|_3|_ |_ |_
|_4|_ |_3|_ |_ |_8|_ |_ |_2|_
|_3|_ |_6|_4|_ |_2|_ |_7|_ |_
|_ |_ |_9|_ |_ |_6|_ |_2|_8|_
|_7|_ |_ |_9|_ |_ |_ |_4|_9|_

|_8|_3|_ |_ |_ |_4|_ |_ |_7|_
|_1|_5|_ |_8|_ |_ |_4|_ |_ |_
|_ |_6|_ |_3|_ |_5|_2|_ |_9|_
|_6|_ |_ |_2|_ |_ |_5|_ |_4|_
|_ |_ |_5|_6|_ |_7|_3|_ |_ |_
|_4|_ |_3|_ |_ |_8|_ |_ |_2|_
|_3|_ |_6|_4|_ |_2|_ |_7|_ |_
|_ |_ |_9|_ |_ |_6|_ |_2|_8|_
|_7|_ |_ |_9|_ |_ |_ |_4|_ |_

|_ |_3|_ |_ |_ |_4|_ |_ |_7|_
|_1|_5|_ |_8|_ |_ |_4|_ |_ |_
|_ |_6|_ |_3|_ |_5|_2|_ |_9|_
|_6|_ |_ |_2|_ |_ |_5|_ |_4|_
|_ |_ |_5|_6|_ |_7|_3|_ |_ |_
|_4|_ |_3|_ |_ |_8|_ |_ |_2|_
|_3|_ |_6|_4|_ |_2|_ |_7|_ |_
|_ |_ |_9|_ |_ |_6|_ |_2|_8|_
|_7|_ |_ |_9|_ |_ |_ |_4|_9|_

]]></system-out>
  <system-err><![CDATA[]]></system-err>
</testsuite>
