<?xml version="1.0" encoding="UTF-8"?>
<testsuite name="com.kodilla.hibernate.tasklist.dao.TaskListDaoTestSuite" tests="1" skipped="0" failures="0" errors="0" timestamp="2022-08-24T17:48:26" hostname="MBP-Sebastian.home" time="0.152">
  <properties/>
  <testcase name="testFindByListName()" classname="com.kodilla.hibernate.tasklist.dao.TaskListDaoTestSuite" time="0.152"/>
  <system-out><![CDATA[19:48:25.043 [Test worker] DEBUG org.springframework.test.context.BootstrapUtils - Instantiating CacheAwareContextLoaderDelegate from class [org.springframework.test.context.cache.DefaultCacheAwareContextLoaderDelegate]
19:48:25.048 [Test worker] DEBUG org.springframework.test.context.BootstrapUtils - Instantiating BootstrapContext using constructor [public org.springframework.test.context.support.DefaultBootstrapContext(java.lang.Class,org.springframework.test.context.CacheAwareContextLoaderDelegate)]
19:48:25.062 [Test worker] DEBUG org.springframework.test.context.BootstrapUtils - Instantiating TestContextBootstrapper for test class [com.kodilla.hibernate.tasklist.dao.TaskListDaoTestSuite] from class [org.springframework.boot.test.context.SpringBootTestContextBootstrapper]
19:48:25.067 [Test worker] INFO org.springframework.boot.test.context.SpringBootTestContextBootstrapper - Neither @ContextConfiguration nor @ContextHierarchy found for test class [com.kodilla.hibernate.tasklist.dao.TaskListDaoTestSuite], using SpringBootContextLoader
19:48:25.069 [Test worker] DEBUG org.springframework.test.context.support.AbstractContextLoader - Did not detect default resource location for test class [com.kodilla.hibernate.tasklist.dao.TaskListDaoTestSuite]: class path resource [com/kodilla/hibernate/tasklist/dao/TaskListDaoTestSuite-context.xml] does not exist
19:48:25.069 [Test worker] DEBUG org.springframework.test.context.support.AbstractContextLoader - Did not detect default resource location for test class [com.kodilla.hibernate.tasklist.dao.TaskListDaoTestSuite]: class path resource [com/kodilla/hibernate/tasklist/dao/TaskListDaoTestSuiteContext.groovy] does not exist
19:48:25.069 [Test worker] INFO org.springframework.test.context.support.AbstractContextLoader - Could not detect default resource locations for test class [com.kodilla.hibernate.tasklist.dao.TaskListDaoTestSuite]: no resource found for suffixes {-context.xml, Context.groovy}.
19:48:25.069 [Test worker] INFO org.springframework.test.context.support.AnnotationConfigContextLoaderUtils - Could not detect default configuration classes for test class [com.kodilla.hibernate.tasklist.dao.TaskListDaoTestSuite]: TaskListDaoTestSuite does not declare any static, non-private, non-final, nested classes annotated with @Configuration.
19:48:25.085 [Test worker] DEBUG org.springframework.test.context.support.ActiveProfilesUtils - Could not find an 'annotation declaring class' for annotation type [org.springframework.test.context.ActiveProfiles] and class [com.kodilla.hibernate.tasklist.dao.TaskListDaoTestSuite]
19:48:25.114 [Test worker] DEBUG org.springframework.context.annotation.ClassPathScanningCandidateComponentProvider - Identified candidate component class: file [/Users/sebastianboron/Sebastian-Boron-kodilla-java-course/kodilla-hibernate/build/classes/java/main/com/kodilla/hibernate/KodillaHibernateApplication.class]
19:48:25.115 [Test worker] INFO org.springframework.boot.test.context.SpringBootTestContextBootstrapper - Found @SpringBootConfiguration com.kodilla.hibernate.KodillaHibernateApplication for test class com.kodilla.hibernate.tasklist.dao.TaskListDaoTestSuite
19:48:25.145 [Test worker] DEBUG org.springframework.boot.test.context.SpringBootTestContextBootstrapper - @TestExecutionListeners is not present for class [com.kodilla.hibernate.tasklist.dao.TaskListDaoTestSuite]: using defaults.
19:48:25.145 [Test worker] INFO org.springframework.boot.test.context.SpringBootTestContextBootstrapper - Loaded default TestExecutionListener class names from location [META-INF/spring.factories]: [org.springframework.boot.test.autoconfigure.restdocs.RestDocsTestExecutionListener, org.springframework.boot.test.autoconfigure.web.client.MockRestServiceServerResetTestExecutionListener, org.springframework.boot.test.autoconfigure.web.servlet.MockMvcPrintOnlyOnFailureTestExecutionListener, org.springframework.boot.test.autoconfigure.web.servlet.WebDriverTestExecutionListener, org.springframework.boot.test.autoconfigure.webservices.client.MockWebServiceServerTestExecutionListener, org.springframework.boot.test.mock.mockito.MockitoTestExecutionListener, org.springframework.boot.test.mock.mockito.ResetMocksTestExecutionListener, org.springframework.test.context.web.ServletTestExecutionListener, org.springframework.test.context.support.DirtiesContextBeforeModesTestExecutionListener, org.springframework.test.context.event.ApplicationEventsTestExecutionListener, org.springframework.test.context.support.DependencyInjectionTestExecutionListener, org.springframework.test.context.support.DirtiesContextTestExecutionListener, org.springframework.test.context.transaction.TransactionalTestExecutionListener, org.springframework.test.context.jdbc.SqlScriptsTestExecutionListener, org.springframework.test.context.event.EventPublishingTestExecutionListener]
19:48:25.149 [Test worker] DEBUG org.springframework.boot.test.context.SpringBootTestContextBootstrapper - Skipping candidate TestExecutionListener [org.springframework.test.context.web.ServletTestExecutionListener] due to a missing dependency. Specify custom listener classes or make the default listener classes and their required dependencies available. Offending class: [javax/servlet/ServletContext]
19:48:25.151 [Test worker] INFO org.springframework.boot.test.context.SpringBootTestContextBootstrapper - Using TestExecutionListeners: [org.springframework.test.context.support.DirtiesContextBeforeModesTestExecutionListener@1d8062d2, org.springframework.test.context.event.ApplicationEventsTestExecutionListener@1e63ec0b, org.springframework.boot.test.mock.mockito.MockitoTestExecutionListener@3b956878, org.springframework.boot.test.autoconfigure.SpringBootDependencyInjectionTestExecutionListener@36546a22, org.springframework.test.context.support.DirtiesContextTestExecutionListener@285c08c8, org.springframework.test.context.transaction.TransactionalTestExecutionListener@295eaa7c, org.springframework.test.context.jdbc.SqlScriptsTestExecutionListener@3918c187, org.springframework.test.context.event.EventPublishingTestExecutionListener@2c88b9fc, org.springframework.boot.test.autoconfigure.restdocs.RestDocsTestExecutionListener@64dafeed, org.springframework.boot.test.autoconfigure.web.client.MockRestServiceServerResetTestExecutionListener@388ba540, org.springframework.boot.test.autoconfigure.web.servlet.MockMvcPrintOnlyOnFailureTestExecutionListener@47605f2f, org.springframework.boot.test.autoconfigure.web.servlet.WebDriverTestExecutionListener@2ece4966, org.springframework.boot.test.autoconfigure.webservices.client.MockWebServiceServerTestExecutionListener@1dd0e7c4, org.springframework.boot.test.mock.mockito.ResetMocksTestExecutionListener@7894f09b]
19:48:25.153 [Test worker] DEBUG org.springframework.test.context.support.AbstractDirtiesContextTestExecutionListener - Before test class: context [DefaultTestContext@1eb6749b testClass = TaskListDaoTestSuite, testInstance = [null], testMethod = [null], testException = [null], mergedContextConfiguration = [MergedContextConfiguration@652a7737 testClass = TaskListDaoTestSuite, locations = '{}', classes = '{class com.kodilla.hibernate.KodillaHibernateApplication}', contextInitializerClasses = '[]', activeProfiles = '{}', propertySourceLocations = '{}', propertySourceProperties = '{org.springframework.boot.test.context.SpringBootTestContextBootstrapper=true}', contextCustomizers = set[org.springframework.boot.test.autoconfigure.actuate.metrics.MetricsExportContextCustomizerFactory$DisableMetricExportContextCustomizer@7daa0fbd, org.springframework.boot.test.autoconfigure.properties.PropertyMappingContextCustomizer@0, org.springframework.boot.test.autoconfigure.web.servlet.WebDriverContextCustomizerFactory$Customizer@3403e2ac, org.springframework.boot.test.context.filter.ExcludeFilterContextCustomizer@74bf1791, org.springframework.boot.test.json.DuplicateJsonObjectContextCustomizerFactory$DuplicateJsonObjectContextCustomizer@49c66ade, org.springframework.boot.test.mock.mockito.MockitoContextCustomizer@0, org.springframework.boot.test.web.client.TestRestTemplateContextCustomizer@5c44c582, org.springframework.boot.test.context.SpringBootTestArgs@1, org.springframework.boot.test.context.SpringBootTestWebEnvironment@399c4be1], contextLoader = 'org.springframework.boot.test.context.SpringBootContextLoader', parent = [null]], attributes = map[[empty]]], class annotated with @DirtiesContext [false] with mode [null].
19:48:25.158 [Test worker] DEBUG org.springframework.test.context.support.DependencyInjectionTestExecutionListener - Performing dependency injection for test context [[DefaultTestContext@1eb6749b testClass = TaskListDaoTestSuite, testInstance = com.kodilla.hibernate.tasklist.dao.TaskListDaoTestSuite@557a1e2d, testMethod = [null], testException = [null], mergedContextConfiguration = [MergedContextConfiguration@652a7737 testClass = TaskListDaoTestSuite, locations = '{}', classes = '{class com.kodilla.hibernate.KodillaHibernateApplication}', contextInitializerClasses = '[]', activeProfiles = '{}', propertySourceLocations = '{}', propertySourceProperties = '{org.springframework.boot.test.context.SpringBootTestContextBootstrapper=true}', contextCustomizers = set[org.springframework.boot.test.autoconfigure.actuate.metrics.MetricsExportContextCustomizerFactory$DisableMetricExportContextCustomizer@7daa0fbd, org.springframework.boot.test.autoconfigure.properties.PropertyMappingContextCustomizer@0, org.springframework.boot.test.autoconfigure.web.servlet.WebDriverContextCustomizerFactory$Customizer@3403e2ac, org.springframework.boot.test.context.filter.ExcludeFilterContextCustomizer@74bf1791, org.springframework.boot.test.json.DuplicateJsonObjectContextCustomizerFactory$DuplicateJsonObjectContextCustomizer@49c66ade, org.springframework.boot.test.mock.mockito.MockitoContextCustomizer@0, org.springframework.boot.test.web.client.TestRestTemplateContextCustomizer@5c44c582, org.springframework.boot.test.context.SpringBootTestArgs@1, org.springframework.boot.test.context.SpringBootTestWebEnvironment@399c4be1], contextLoader = 'org.springframework.boot.test.context.SpringBootContextLoader', parent = [null]], attributes = map['org.springframework.test.context.event.ApplicationEventsTestExecutionListener.recordApplicationEvents' -> false]]].

  .   ____          _            __ _ _
 /\\ / ___'_ __ _ _(_)_ __  __ _ \ \ \ \
( ( )\___ | '_ | '_| | '_ \/ _` | \ \ \ \
 \\/  ___)| |_)| | | | | || (_| |  ) ) ) )
  '  |____| .__|_| |_|_| |_\__, | / / / /
 =========|_|==============|___/=/_/_/_/
 :: Spring Boot ::                (v2.7.3)

2022-08-24 19:48:25.287  INFO 12608 --- [    Test worker] c.k.h.tasklist.dao.TaskListDaoTestSuite  : Starting TaskListDaoTestSuite using Java 17.0.3 on MBP-Sebastian.home with PID 12608 (started by sebastianboron in /Users/sebastianboron/Sebastian-Boron-kodilla-java-course/kodilla-hibernate)
2022-08-24 19:48:25.288  INFO 12608 --- [    Test worker] c.k.h.tasklist.dao.TaskListDaoTestSuite  : No active profile set, falling back to 1 default profile: "default"
2022-08-24 19:48:25.443  INFO 12608 --- [    Test worker] .s.d.r.c.RepositoryConfigurationDelegate : Multiple Spring Data modules found, entering strict repository configuration mode
2022-08-24 19:48:25.443  INFO 12608 --- [    Test worker] .s.d.r.c.RepositoryConfigurationDelegate : Bootstrapping Spring Data JDBC repositories in DEFAULT mode.
2022-08-24 19:48:25.457  INFO 12608 --- [    Test worker] .RepositoryConfigurationExtensionSupport : Spring Data JDBC - Could not safely identify store assignment for repository candidate interface com.kodilla.hibernate.task.dao.TaskDao; If you want this repository to be a JDBC repository, consider annotating your entities with one of these annotations: org.springframework.data.relational.core.mapping.Table.
2022-08-24 19:48:25.457  INFO 12608 --- [    Test worker] .RepositoryConfigurationExtensionSupport : Spring Data JDBC - Could not safely identify store assignment for repository candidate interface com.kodilla.hibernate.tasklist.dao.TaskListDao; If you want this repository to be a JDBC repository, consider annotating your entities with one of these annotations: org.springframework.data.relational.core.mapping.Table.
2022-08-24 19:48:25.458  INFO 12608 --- [    Test worker] .s.d.r.c.RepositoryConfigurationDelegate : Finished Spring Data repository scanning in 12 ms. Found 0 JDBC repository interfaces.
2022-08-24 19:48:25.463  INFO 12608 --- [    Test worker] .s.d.r.c.RepositoryConfigurationDelegate : Multiple Spring Data modules found, entering strict repository configuration mode
2022-08-24 19:48:25.463  INFO 12608 --- [    Test worker] .s.d.r.c.RepositoryConfigurationDelegate : Bootstrapping Spring Data JPA repositories in DEFAULT mode.
2022-08-24 19:48:25.474  INFO 12608 --- [    Test worker] .s.d.r.c.RepositoryConfigurationDelegate : Finished Spring Data repository scanning in 9 ms. Found 2 JPA repository interfaces.
2022-08-24 19:48:25.652  INFO 12608 --- [    Test worker] o.hibernate.jpa.internal.util.LogHelper  : HHH000204: Processing PersistenceUnitInfo [name: default]
2022-08-24 19:48:25.671  INFO 12608 --- [    Test worker] org.hibernate.Version                    : HHH000412: Hibernate ORM core version 5.6.10.Final
2022-08-24 19:48:25.729  INFO 12608 --- [    Test worker] o.hibernate.annotations.common.Version   : HCANN000001: Hibernate Commons Annotations {5.1.2.Final}
2022-08-24 19:48:25.771  INFO 12608 --- [    Test worker] com.zaxxer.hikari.HikariDataSource       : HikariPool-1 - Starting...
2022-08-24 19:48:25.851  INFO 12608 --- [    Test worker] com.zaxxer.hikari.HikariDataSource       : HikariPool-1 - Start completed.
2022-08-24 19:48:25.856  INFO 12608 --- [    Test worker] org.hibernate.dialect.Dialect            : HHH000400: Using dialect: org.hibernate.dialect.MySQL57Dialect
2022-08-24 19:48:26.102  INFO 12608 --- [    Test worker] o.h.e.t.j.p.i.JtaPlatformInitiator       : HHH000490: Using JtaPlatform implementation: [org.hibernate.engine.transaction.jta.platform.internal.NoJtaPlatform]
2022-08-24 19:48:26.105  INFO 12608 --- [    Test worker] j.LocalContainerEntityManagerFactoryBean : Initialized JPA EntityManagerFactory for persistence unit 'default'
2022-08-24 19:48:26.323  INFO 12608 --- [    Test worker] c.k.h.tasklist.dao.TaskListDaoTestSuite  : Started TaskListDaoTestSuite in 1.154 seconds (JVM running for 1.609)
Hibernate: select next_val as id_val from hibernate_sequence for update
Hibernate: update hibernate_sequence set next_val= ? where next_val=?
Hibernate: insert into tasklist (description, listname, id) values (?, ?, ?)
Hibernate: select tasklist0_.id as id1_0_, tasklist0_.description as descript2_0_, tasklist0_.listname as listname3_0_ from tasklist tasklist0_ where tasklist0_.listname=?
Hibernate: select tasklist0_.id as id1_0_0_, tasklist0_.description as descript2_0_0_, tasklist0_.listname as listname3_0_0_ from tasklist tasklist0_ where tasklist0_.id=?
Hibernate: delete from tasklist where id=?
]]></system-out>
  <system-err><![CDATA[]]></system-err>
</testsuite>
