<?xml version="1.0" encoding="UTF-8"?>
<testsuite name="com.kodilla.patterns.strategy.social.TestLoopAndBreakpointCondition" tests="1" skipped="0" failures="0" errors="0" timestamp="2022-08-16T14:24:10" hostname="mbp-sebastian.home" time="0.053">
  <properties/>
  <testcase name="testBreakpointCondition()" classname="com.kodilla.patterns.strategy.social.TestLoopAndBreakpointCondition" time="0.053"/>
  <system-out><![CDATA[N = 0 SUM: 0
N = 1 SUM: 1
N = 2 SUM: 3
N = 3 SUM: 6
N = 4 SUM: 10
N = 5 SUM: 15
N = 6 SUM: 21
N = 7 SUM: 28
N = 8 SUM: 36
N = 9 SUM: 45
N = 10 SUM: 55
N = 11 SUM: 66
N = 12 SUM: 78
N = 13 SUM: 91
N = 14 SUM: 105
N = 15 SUM: 120
N = 16 SUM: 136
N = 17 SUM: 153
N = 18 SUM: 171
N = 19 SUM: 190
N = 20 SUM: 210
N = 21 SUM: 231
N = 22 SUM: 253
N = 23 SUM: 276
N = 24 SUM: 300
N = 25 SUM: 325
N = 26 SUM: 351
N = 27 SUM: 378
N = 28 SUM: 406
N = 29 SUM: 435
N = 30 SUM: 465
N = 31 SUM: 496
N = 32 SUM: 528
N = 33 SUM: 561
N = 34 SUM: 595
N = 35 SUM: 630
N = 36 SUM: 666
N = 37 SUM: 703
N = 38 SUM: 741
N = 39 SUM: 780
N = 40 SUM: 820
N = 41 SUM: 861
N = 42 SUM: 903
N = 43 SUM: 946
N = 44 SUM: 990
N = 45 SUM: 1035
N = 46 SUM: 1081
N = 47 SUM: 1128
N = 48 SUM: 1176
N = 49 SUM: 1225
N = 50 SUM: 1275
N = 51 SUM: 1326
N = 52 SUM: 1378
N = 53 SUM: 1431
N = 54 SUM: 1485
N = 55 SUM: 1540
N = 56 SUM: 1596
N = 57 SUM: 1653
N = 58 SUM: 1711
N = 59 SUM: 1770
N = 60 SUM: 1830
N = 61 SUM: 1891
N = 62 SUM: 1953
N = 63 SUM: 2016
N = 64 SUM: 2080
N = 65 SUM: 2145
N = 66 SUM: 2211
N = 67 SUM: 2278
N = 68 SUM: 2346
N = 69 SUM: 2415
N = 70 SUM: 2485
N = 71 SUM: 2556
N = 72 SUM: 2628
N = 73 SUM: 2701
N = 74 SUM: 2775
N = 75 SUM: 2850
N = 76 SUM: 2926
N = 77 SUM: 3003
N = 78 SUM: 3081
N = 79 SUM: 3160
N = 80 SUM: 3240
N = 81 SUM: 3321
N = 82 SUM: 3403
N = 83 SUM: 3486
N = 84 SUM: 3570
N = 85 SUM: 3655
N = 86 SUM: 3741
N = 87 SUM: 3828
N = 88 SUM: 3916
N = 89 SUM: 4005
N = 90 SUM: 4095
N = 91 SUM: 4186
N = 92 SUM: 4278
N = 93 SUM: 4371
N = 94 SUM: 4465
N = 95 SUM: 4560
N = 96 SUM: 4656
N = 97 SUM: 4753
N = 98 SUM: 4851
N = 99 SUM: 4950
N = 100 SUM: 5050
N = 101 SUM: 5151
N = 102 SUM: 5253
N = 103 SUM: 5356
N = 104 SUM: 5460
N = 105 SUM: 5565
N = 106 SUM: 5671
N = 107 SUM: 5778
N = 108 SUM: 5886
N = 109 SUM: 5995
N = 110 SUM: 6105
N = 111 SUM: 6216
N = 112 SUM: 6328
N = 113 SUM: 6441
N = 114 SUM: 6555
N = 115 SUM: 6670
N = 116 SUM: 6786
N = 117 SUM: 6903
N = 118 SUM: 7021
N = 119 SUM: 7140
N = 120 SUM: 7260
N = 121 SUM: 7381
N = 122 SUM: 7503
N = 123 SUM: 7626
N = 124 SUM: 7750
N = 125 SUM: 7875
N = 126 SUM: 8001
N = 127 SUM: 8128
N = 128 SUM: 8256
N = 129 SUM: 8385
N = 130 SUM: 8515
N = 131 SUM: 8646
N = 132 SUM: 8778
N = 133 SUM: 8911
N = 134 SUM: 9045
N = 135 SUM: 9180
N = 136 SUM: 9316
N = 137 SUM: 9453
N = 138 SUM: 9591
N = 139 SUM: 9730
N = 140 SUM: 9870
N = 141 SUM: 10011
N = 142 SUM: 10153
N = 143 SUM: 10296
N = 144 SUM: 10440
N = 145 SUM: 10585
N = 146 SUM: 10731
N = 147 SUM: 10878
N = 148 SUM: 11026
N = 149 SUM: 11175
N = 150 SUM: 11325
N = 151 SUM: 11476
N = 152 SUM: 11628
N = 153 SUM: 11781
N = 154 SUM: 11935
N = 155 SUM: 12090
N = 156 SUM: 12246
N = 157 SUM: 12403
N = 158 SUM: 12561
N = 159 SUM: 12720
N = 160 SUM: 12880
N = 161 SUM: 13041
N = 162 SUM: 13203
N = 163 SUM: 13366
N = 164 SUM: 13530
N = 165 SUM: 13695
N = 166 SUM: 13861
N = 167 SUM: 14028
N = 168 SUM: 14196
N = 169 SUM: 14365
N = 170 SUM: 14535
N = 171 SUM: 14706
N = 172 SUM: 14878
N = 173 SUM: 15051
N = 174 SUM: 15225
N = 175 SUM: 15400
N = 176 SUM: 15576
N = 177 SUM: 15753
N = 178 SUM: 15931
N = 179 SUM: 16110
N = 180 SUM: 16290
N = 181 SUM: 16471
N = 182 SUM: 16653
N = 183 SUM: 16836
N = 184 SUM: 17020
N = 185 SUM: 17205
N = 186 SUM: 17391
N = 187 SUM: 17578
N = 188 SUM: 17766
N = 189 SUM: 17955
N = 190 SUM: 18145
N = 191 SUM: 18336
N = 192 SUM: 18528
N = 193 SUM: 18721
N = 194 SUM: 18915
N = 195 SUM: 19110
N = 196 SUM: 19306
N = 197 SUM: 19503
N = 198 SUM: 19701
N = 199 SUM: 19900
N = 200 SUM: 20100
N = 201 SUM: 20301
N = 202 SUM: 20503
N = 203 SUM: 20706
N = 204 SUM: 20910
N = 205 SUM: 21115
N = 206 SUM: 21321
N = 207 SUM: 21528
N = 208 SUM: 21736
N = 209 SUM: 21945
N = 210 SUM: 22155
N = 211 SUM: 22366
N = 212 SUM: 22578
N = 213 SUM: 22791
N = 214 SUM: 23005
N = 215 SUM: 23220
N = 216 SUM: 23436
N = 217 SUM: 23653
N = 218 SUM: 23871
N = 219 SUM: 24090
N = 220 SUM: 24310
N = 221 SUM: 24531
N = 222 SUM: 24753
N = 223 SUM: 24976
N = 224 SUM: 25200
N = 225 SUM: 25425
N = 226 SUM: 25651
N = 227 SUM: 25878
N = 228 SUM: 26106
N = 229 SUM: 26335
N = 230 SUM: 26565
N = 231 SUM: 26796
N = 232 SUM: 27028
N = 233 SUM: 27261
N = 234 SUM: 27495
N = 235 SUM: 27730
N = 236 SUM: 27966
N = 237 SUM: 28203
N = 238 SUM: 28441
N = 239 SUM: 28680
N = 240 SUM: 28920
N = 241 SUM: 29161
N = 242 SUM: 29403
N = 243 SUM: 29646
N = 244 SUM: 29890
N = 245 SUM: 30135
N = 246 SUM: 30381
N = 247 SUM: 30628
N = 248 SUM: 30876
N = 249 SUM: 31125
N = 250 SUM: 31375
N = 251 SUM: 31626
N = 252 SUM: 31878
N = 253 SUM: 32131
N = 254 SUM: 32385
N = 255 SUM: 32640
N = 256 SUM: 32896
N = 257 SUM: 33153
N = 258 SUM: 33411
N = 259 SUM: 33670
N = 260 SUM: 33930
N = 261 SUM: 34191
N = 262 SUM: 34453
N = 263 SUM: 34716
N = 264 SUM: 34980
N = 265 SUM: 35245
N = 266 SUM: 35511
N = 267 SUM: 35778
N = 268 SUM: 36046
N = 269 SUM: 36315
N = 270 SUM: 36585
N = 271 SUM: 36856
N = 272 SUM: 37128
N = 273 SUM: 37401
N = 274 SUM: 37675
N = 275 SUM: 37950
N = 276 SUM: 38226
N = 277 SUM: 38503
N = 278 SUM: 38781
N = 279 SUM: 39060
N = 280 SUM: 39340
N = 281 SUM: 39621
N = 282 SUM: 39903
N = 283 SUM: 40186
N = 284 SUM: 40470
N = 285 SUM: 40755
N = 286 SUM: 41041
N = 287 SUM: 41328
N = 288 SUM: 41616
N = 289 SUM: 41905
N = 290 SUM: 42195
N = 291 SUM: 42486
N = 292 SUM: 42778
N = 293 SUM: 43071
N = 294 SUM: 43365
N = 295 SUM: 43660
N = 296 SUM: 43956
N = 297 SUM: 44253
N = 298 SUM: 44551
N = 299 SUM: 44850
N = 300 SUM: 45150
N = 301 SUM: 45451
N = 302 SUM: 45753
N = 303 SUM: 46056
N = 304 SUM: 46360
N = 305 SUM: 46665
N = 306 SUM: 46971
N = 307 SUM: 47278
N = 308 SUM: 47586
N = 309 SUM: 47895
N = 310 SUM: 48205
N = 311 SUM: 48516
N = 312 SUM: 48828
N = 313 SUM: 49141
N = 314 SUM: 49455
N = 315 SUM: 49770
N = 316 SUM: 50086
N = 317 SUM: 50403
N = 318 SUM: 50721
N = 319 SUM: 51040
N = 320 SUM: 51360
N = 321 SUM: 51681
N = 322 SUM: 52003
N = 323 SUM: 52326
N = 324 SUM: 52650
N = 325 SUM: 52975
N = 326 SUM: 53301
N = 327 SUM: 53628
N = 328 SUM: 53956
N = 329 SUM: 54285
N = 330 SUM: 54615
N = 331 SUM: 54946
N = 332 SUM: 55278
N = 333 SUM: 55611
N = 334 SUM: 55945
N = 335 SUM: 56280
N = 336 SUM: 56616
N = 337 SUM: 56953
N = 338 SUM: 57291
N = 339 SUM: 57630
N = 340 SUM: 57970
N = 341 SUM: 58311
N = 342 SUM: 58653
N = 343 SUM: 58996
N = 344 SUM: 59340
N = 345 SUM: 59685
N = 346 SUM: 60031
N = 347 SUM: 60378
N = 348 SUM: 60726
N = 349 SUM: 61075
N = 350 SUM: 61425
N = 351 SUM: 61776
N = 352 SUM: 62128
N = 353 SUM: 62481
N = 354 SUM: 62835
N = 355 SUM: 63190
N = 356 SUM: 63546
N = 357 SUM: 63903
N = 358 SUM: 64261
N = 359 SUM: 64620
N = 360 SUM: 64980
N = 361 SUM: 65341
N = 362 SUM: 65703
N = 363 SUM: 66066
N = 364 SUM: 66430
N = 365 SUM: 66795
N = 366 SUM: 67161
N = 367 SUM: 67528
N = 368 SUM: 67896
N = 369 SUM: 68265
N = 370 SUM: 68635
N = 371 SUM: 69006
N = 372 SUM: 69378
N = 373 SUM: 69751
N = 374 SUM: 70125
N = 375 SUM: 70500
N = 376 SUM: 70876
N = 377 SUM: 71253
N = 378 SUM: 71631
N = 379 SUM: 72010
N = 380 SUM: 72390
N = 381 SUM: 72771
N = 382 SUM: 73153
N = 383 SUM: 73536
N = 384 SUM: 73920
N = 385 SUM: 74305
N = 386 SUM: 74691
N = 387 SUM: 75078
N = 388 SUM: 75466
N = 389 SUM: 75855
N = 390 SUM: 76245
N = 391 SUM: 76636
N = 392 SUM: 77028
N = 393 SUM: 77421
N = 394 SUM: 77815
N = 395 SUM: 78210
N = 396 SUM: 78606
N = 397 SUM: 79003
N = 398 SUM: 79401
N = 399 SUM: 79800
N = 400 SUM: 80200
N = 401 SUM: 80601
N = 402 SUM: 81003
N = 403 SUM: 81406
N = 404 SUM: 81810
N = 405 SUM: 82215
N = 406 SUM: 82621
N = 407 SUM: 83028
N = 408 SUM: 83436
N = 409 SUM: 83845
N = 410 SUM: 84255
N = 411 SUM: 84666
N = 412 SUM: 85078
N = 413 SUM: 85491
N = 414 SUM: 85905
N = 415 SUM: 86320
N = 416 SUM: 86736
N = 417 SUM: 87153
N = 418 SUM: 87571
N = 419 SUM: 87990
N = 420 SUM: 88410
N = 421 SUM: 88831
N = 422 SUM: 89253
N = 423 SUM: 89676
N = 424 SUM: 90100
N = 425 SUM: 90525
N = 426 SUM: 90951
N = 427 SUM: 91378
N = 428 SUM: 91806
N = 429 SUM: 92235
N = 430 SUM: 92665
N = 431 SUM: 93096
N = 432 SUM: 93528
N = 433 SUM: 93961
N = 434 SUM: 94395
N = 435 SUM: 94830
N = 436 SUM: 95266
N = 437 SUM: 95703
N = 438 SUM: 96141
N = 439 SUM: 96580
N = 440 SUM: 97020
N = 441 SUM: 97461
N = 442 SUM: 97903
N = 443 SUM: 98346
N = 444 SUM: 98790
N = 445 SUM: 99235
N = 446 SUM: 99681
N = 447 SUM: 100128
N = 448 SUM: 100576
N = 449 SUM: 101025
N = 450 SUM: 101475
N = 451 SUM: 101926
N = 452 SUM: 102378
N = 453 SUM: 102831
N = 454 SUM: 103285
N = 455 SUM: 103740
N = 456 SUM: 104196
N = 457 SUM: 104653
N = 458 SUM: 105111
N = 459 SUM: 105570
N = 460 SUM: 106030
N = 461 SUM: 106491
N = 462 SUM: 106953
N = 463 SUM: 107416
N = 464 SUM: 107880
N = 465 SUM: 108345
N = 466 SUM: 108811
N = 467 SUM: 109278
N = 468 SUM: 109746
N = 469 SUM: 110215
N = 470 SUM: 110685
N = 471 SUM: 111156
N = 472 SUM: 111628
N = 473 SUM: 112101
N = 474 SUM: 112575
N = 475 SUM: 113050
N = 476 SUM: 113526
N = 477 SUM: 114003
N = 478 SUM: 114481
N = 479 SUM: 114960
N = 480 SUM: 115440
N = 481 SUM: 115921
N = 482 SUM: 116403
N = 483 SUM: 116886
N = 484 SUM: 117370
N = 485 SUM: 117855
N = 486 SUM: 118341
N = 487 SUM: 118828
N = 488 SUM: 119316
N = 489 SUM: 119805
N = 490 SUM: 120295
N = 491 SUM: 120786
N = 492 SUM: 121278
N = 493 SUM: 121771
N = 494 SUM: 122265
N = 495 SUM: 122760
N = 496 SUM: 123256
N = 497 SUM: 123753
N = 498 SUM: 124251
N = 499 SUM: 124750
N = 500 SUM: 125250
N = 501 SUM: 125751
N = 502 SUM: 126253
N = 503 SUM: 126756
N = 504 SUM: 127260
N = 505 SUM: 127765
N = 506 SUM: 128271
N = 507 SUM: 128778
N = 508 SUM: 129286
N = 509 SUM: 129795
N = 510 SUM: 130305
N = 511 SUM: 130816
N = 512 SUM: 131328
N = 513 SUM: 131841
N = 514 SUM: 132355
N = 515 SUM: 132870
N = 516 SUM: 133386
N = 517 SUM: 133903
N = 518 SUM: 134421
N = 519 SUM: 134940
N = 520 SUM: 135460
N = 521 SUM: 135981
N = 522 SUM: 136503
N = 523 SUM: 137026
N = 524 SUM: 137550
N = 525 SUM: 138075
N = 526 SUM: 138601
N = 527 SUM: 139128
N = 528 SUM: 139656
N = 529 SUM: 140185
N = 530 SUM: 140715
N = 531 SUM: 141246
N = 532 SUM: 141778
N = 533 SUM: 142311
N = 534 SUM: 142845
N = 535 SUM: 143380
N = 536 SUM: 143916
N = 537 SUM: 144453
N = 538 SUM: 144991
N = 539 SUM: 145530
N = 540 SUM: 146070
N = 541 SUM: 146611
N = 542 SUM: 147153
N = 543 SUM: 147696
N = 544 SUM: 148240
N = 545 SUM: 148785
N = 546 SUM: 149331
N = 547 SUM: 149878
N = 548 SUM: 150426
N = 549 SUM: 150975
N = 550 SUM: 151525
N = 551 SUM: 152076
N = 552 SUM: 152628
N = 553 SUM: 153181
N = 554 SUM: 153735
N = 555 SUM: 154290
N = 556 SUM: 154846
N = 557 SUM: 155403
N = 558 SUM: 155961
N = 559 SUM: 156520
N = 560 SUM: 157080
N = 561 SUM: 157641
N = 562 SUM: 158203
N = 563 SUM: 158766
N = 564 SUM: 159330
N = 565 SUM: 159895
N = 566 SUM: 160461
N = 567 SUM: 161028
N = 568 SUM: 161596
N = 569 SUM: 162165
N = 570 SUM: 162735
N = 571 SUM: 163306
N = 572 SUM: 163878
N = 573 SUM: 164451
N = 574 SUM: 165025
N = 575 SUM: 165600
N = 576 SUM: 166176
N = 577 SUM: 166753
N = 578 SUM: 167331
N = 579 SUM: 167910
N = 580 SUM: 168490
N = 581 SUM: 169071
N = 582 SUM: 169653
N = 583 SUM: 170236
N = 584 SUM: 170820
N = 585 SUM: 171405
N = 586 SUM: 171991
N = 587 SUM: 172578
N = 588 SUM: 173166
N = 589 SUM: 173755
N = 590 SUM: 174345
N = 591 SUM: 174936
N = 592 SUM: 175528
N = 593 SUM: 176121
N = 594 SUM: 176715
N = 595 SUM: 177310
N = 596 SUM: 177906
N = 597 SUM: 178503
N = 598 SUM: 179101
N = 599 SUM: 179700
N = 600 SUM: 180300
N = 601 SUM: 180901
N = 602 SUM: 181503
N = 603 SUM: 182106
N = 604 SUM: 182710
N = 605 SUM: 183315
N = 606 SUM: 183921
N = 607 SUM: 184528
N = 608 SUM: 185136
N = 609 SUM: 185745
N = 610 SUM: 186355
N = 611 SUM: 186966
N = 612 SUM: 187578
N = 613 SUM: 188191
N = 614 SUM: 188805
N = 615 SUM: 189420
N = 616 SUM: 190036
N = 617 SUM: 190653
N = 618 SUM: 191271
N = 619 SUM: 191890
N = 620 SUM: 192510
N = 621 SUM: 193131
N = 622 SUM: 193753
N = 623 SUM: 194376
N = 624 SUM: 195000
N = 625 SUM: 195625
N = 626 SUM: 196251
N = 627 SUM: 196878
N = 628 SUM: 197506
N = 629 SUM: 198135
N = 630 SUM: 198765
N = 631 SUM: 199396
N = 632 SUM: 200028
N = 633 SUM: 200661
N = 634 SUM: 201295
N = 635 SUM: 201930
N = 636 SUM: 202566
N = 637 SUM: 203203
N = 638 SUM: 203841
N = 639 SUM: 204480
N = 640 SUM: 205120
N = 641 SUM: 205761
N = 642 SUM: 206403
N = 643 SUM: 207046
N = 644 SUM: 207690
N = 645 SUM: 208335
N = 646 SUM: 208981
N = 647 SUM: 209628
N = 648 SUM: 210276
N = 649 SUM: 210925
N = 650 SUM: 211575
N = 651 SUM: 212226
N = 652 SUM: 212878
N = 653 SUM: 213531
N = 654 SUM: 214185
N = 655 SUM: 214840
N = 656 SUM: 215496
N = 657 SUM: 216153
N = 658 SUM: 216811
N = 659 SUM: 217470
N = 660 SUM: 218130
N = 661 SUM: 218791
N = 662 SUM: 219453
N = 663 SUM: 220116
N = 664 SUM: 220780
N = 665 SUM: 221445
N = 666 SUM: 222111
N = 667 SUM: 222778
N = 668 SUM: 223446
N = 669 SUM: 224115
N = 670 SUM: 224785
N = 671 SUM: 225456
N = 672 SUM: 226128
N = 673 SUM: 226801
N = 674 SUM: 227475
N = 675 SUM: 228150
N = 676 SUM: 228826
N = 677 SUM: 229503
N = 678 SUM: 230181
N = 679 SUM: 230860
N = 680 SUM: 231540
N = 681 SUM: 232221
N = 682 SUM: 232903
N = 683 SUM: 233586
N = 684 SUM: 234270
N = 685 SUM: 234955
N = 686 SUM: 235641
N = 687 SUM: 236328
N = 688 SUM: 237016
N = 689 SUM: 237705
N = 690 SUM: 238395
N = 691 SUM: 239086
N = 692 SUM: 239778
N = 693 SUM: 240471
N = 694 SUM: 241165
N = 695 SUM: 241860
N = 696 SUM: 242556
N = 697 SUM: 243253
N = 698 SUM: 243951
N = 699 SUM: 244650
N = 700 SUM: 245350
N = 701 SUM: 246051
N = 702 SUM: 246753
N = 703 SUM: 247456
N = 704 SUM: 248160
N = 705 SUM: 248865
N = 706 SUM: 249571
N = 707 SUM: 250278
N = 708 SUM: 250986
N = 709 SUM: 251695
N = 710 SUM: 252405
N = 711 SUM: 253116
N = 712 SUM: 253828
N = 713 SUM: 254541
N = 714 SUM: 255255
N = 715 SUM: 255970
N = 716 SUM: 256686
N = 717 SUM: 257403
N = 718 SUM: 258121
N = 719 SUM: 258840
N = 720 SUM: 259560
N = 721 SUM: 260281
N = 722 SUM: 261003
N = 723 SUM: 261726
N = 724 SUM: 262450
N = 725 SUM: 263175
N = 726 SUM: 263901
N = 727 SUM: 264628
N = 728 SUM: 265356
N = 729 SUM: 266085
N = 730 SUM: 266815
N = 731 SUM: 267546
N = 732 SUM: 268278
N = 733 SUM: 269011
N = 734 SUM: 269745
N = 735 SUM: 270480
N = 736 SUM: 271216
N = 737 SUM: 271953
N = 738 SUM: 272691
N = 739 SUM: 273430
N = 740 SUM: 274170
N = 741 SUM: 274911
N = 742 SUM: 275653
N = 743 SUM: 276396
N = 744 SUM: 277140
N = 745 SUM: 277885
N = 746 SUM: 278631
N = 747 SUM: 279378
N = 748 SUM: 280126
N = 749 SUM: 280875
N = 750 SUM: 281625
N = 751 SUM: 282376
N = 752 SUM: 283128
N = 753 SUM: 283881
N = 754 SUM: 284635
N = 755 SUM: 285390
N = 756 SUM: 286146
N = 757 SUM: 286903
N = 758 SUM: 287661
N = 759 SUM: 288420
N = 760 SUM: 289180
N = 761 SUM: 289941
N = 762 SUM: 290703
N = 763 SUM: 291466
N = 764 SUM: 292230
N = 765 SUM: 292995
N = 766 SUM: 293761
N = 767 SUM: 294528
N = 768 SUM: 295296
N = 769 SUM: 296065
N = 770 SUM: 296835
N = 771 SUM: 297606
N = 772 SUM: 298378
N = 773 SUM: 299151
N = 774 SUM: 299925
N = 775 SUM: 300700
N = 776 SUM: 301476
N = 777 SUM: 302253
N = 778 SUM: 303031
N = 779 SUM: 303810
N = 780 SUM: 304590
N = 781 SUM: 305371
N = 782 SUM: 306153
N = 783 SUM: 306936
N = 784 SUM: 307720
N = 785 SUM: 308505
N = 786 SUM: 309291
N = 787 SUM: 310078
N = 788 SUM: 310866
N = 789 SUM: 311655
N = 790 SUM: 312445
N = 791 SUM: 313236
N = 792 SUM: 314028
N = 793 SUM: 314821
N = 794 SUM: 315615
N = 795 SUM: 316410
N = 796 SUM: 317206
N = 797 SUM: 318003
N = 798 SUM: 318801
N = 799 SUM: 319600
N = 800 SUM: 320400
N = 801 SUM: 321201
N = 802 SUM: 322003
N = 803 SUM: 322806
N = 804 SUM: 323610
N = 805 SUM: 324415
N = 806 SUM: 325221
N = 807 SUM: 326028
N = 808 SUM: 326836
N = 809 SUM: 327645
N = 810 SUM: 328455
N = 811 SUM: 329266
N = 812 SUM: 330078
N = 813 SUM: 330891
N = 814 SUM: 331705
N = 815 SUM: 332520
N = 816 SUM: 333336
N = 817 SUM: 334153
N = 818 SUM: 334971
N = 819 SUM: 335790
N = 820 SUM: 336610
N = 821 SUM: 337431
N = 822 SUM: 338253
N = 823 SUM: 339076
N = 824 SUM: 339900
N = 825 SUM: 340725
N = 826 SUM: 341551
N = 827 SUM: 342378
N = 828 SUM: 343206
N = 829 SUM: 344035
N = 830 SUM: 344865
N = 831 SUM: 345696
N = 832 SUM: 346528
N = 833 SUM: 347361
N = 834 SUM: 348195
N = 835 SUM: 349030
N = 836 SUM: 349866
N = 837 SUM: 350703
N = 838 SUM: 351541
N = 839 SUM: 352380
N = 840 SUM: 353220
N = 841 SUM: 354061
N = 842 SUM: 354903
N = 843 SUM: 355746
N = 844 SUM: 356590
N = 845 SUM: 357435
N = 846 SUM: 358281
N = 847 SUM: 359128
N = 848 SUM: 359976
N = 849 SUM: 360825
N = 850 SUM: 361675
N = 851 SUM: 362526
N = 852 SUM: 363378
N = 853 SUM: 364231
N = 854 SUM: 365085
N = 855 SUM: 365940
N = 856 SUM: 366796
N = 857 SUM: 367653
N = 858 SUM: 368511
N = 859 SUM: 369370
N = 860 SUM: 370230
N = 861 SUM: 371091
N = 862 SUM: 371953
N = 863 SUM: 372816
N = 864 SUM: 373680
N = 865 SUM: 374545
N = 866 SUM: 375411
N = 867 SUM: 376278
N = 868 SUM: 377146
N = 869 SUM: 378015
N = 870 SUM: 378885
N = 871 SUM: 379756
N = 872 SUM: 380628
N = 873 SUM: 381501
N = 874 SUM: 382375
N = 875 SUM: 383250
N = 876 SUM: 384126
N = 877 SUM: 385003
N = 878 SUM: 385881
N = 879 SUM: 386760
N = 880 SUM: 387640
N = 881 SUM: 388521
N = 882 SUM: 389403
N = 883 SUM: 390286
N = 884 SUM: 391170
N = 885 SUM: 392055
N = 886 SUM: 392941
N = 887 SUM: 393828
N = 888 SUM: 394716
N = 889 SUM: 395605
N = 890 SUM: 396495
N = 891 SUM: 397386
N = 892 SUM: 398278
N = 893 SUM: 399171
N = 894 SUM: 400065
N = 895 SUM: 400960
N = 896 SUM: 401856
N = 897 SUM: 402753
N = 898 SUM: 403651
N = 899 SUM: 404550
N = 900 SUM: 405450
N = 901 SUM: 406351
N = 902 SUM: 407253
N = 903 SUM: 408156
N = 904 SUM: 409060
N = 905 SUM: 409965
N = 906 SUM: 410871
N = 907 SUM: 411778
N = 908 SUM: 412686
N = 909 SUM: 413595
N = 910 SUM: 414505
N = 911 SUM: 415416
N = 912 SUM: 416328
N = 913 SUM: 417241
N = 914 SUM: 418155
N = 915 SUM: 419070
N = 916 SUM: 419986
N = 917 SUM: 420903
N = 918 SUM: 421821
N = 919 SUM: 422740
N = 920 SUM: 423660
N = 921 SUM: 424581
N = 922 SUM: 425503
N = 923 SUM: 426426
N = 924 SUM: 427350
N = 925 SUM: 428275
N = 926 SUM: 429201
N = 927 SUM: 430128
N = 928 SUM: 431056
N = 929 SUM: 431985
N = 930 SUM: 432915
N = 931 SUM: 433846
N = 932 SUM: 434778
N = 933 SUM: 435711
N = 934 SUM: 436645
N = 935 SUM: 437580
N = 936 SUM: 438516
N = 937 SUM: 439453
N = 938 SUM: 440391
N = 939 SUM: 441330
N = 940 SUM: 442270
N = 941 SUM: 443211
N = 942 SUM: 444153
N = 943 SUM: 445096
N = 944 SUM: 446040
N = 945 SUM: 446985
N = 946 SUM: 447931
N = 947 SUM: 448878
N = 948 SUM: 449826
N = 949 SUM: 450775
N = 950 SUM: 451725
N = 951 SUM: 452676
N = 952 SUM: 453628
N = 953 SUM: 454581
N = 954 SUM: 455535
N = 955 SUM: 456490
N = 956 SUM: 457446
N = 957 SUM: 458403
N = 958 SUM: 459361
N = 959 SUM: 460320
N = 960 SUM: 461280
N = 961 SUM: 462241
N = 962 SUM: 463203
N = 963 SUM: 464166
N = 964 SUM: 465130
N = 965 SUM: 466095
N = 966 SUM: 467061
N = 967 SUM: 468028
N = 968 SUM: 468996
N = 969 SUM: 469965
N = 970 SUM: 470935
N = 971 SUM: 471906
N = 972 SUM: 472878
N = 973 SUM: 473851
N = 974 SUM: 474825
N = 975 SUM: 475800
N = 976 SUM: 476776
N = 977 SUM: 477753
N = 978 SUM: 478731
N = 979 SUM: 479710
N = 980 SUM: 480690
N = 981 SUM: 481671
N = 982 SUM: 482653
N = 983 SUM: 483636
N = 984 SUM: 484620
N = 985 SUM: 485605
N = 986 SUM: 486591
N = 987 SUM: 487578
N = 988 SUM: 488566
N = 989 SUM: 489555
N = 990 SUM: 490545
N = 991 SUM: 491536
N = 992 SUM: 492528
N = 993 SUM: 493521
N = 994 SUM: 494515
N = 995 SUM: 495510
N = 996 SUM: 496506
N = 997 SUM: 497503
N = 998 SUM: 498501
N = 999 SUM: 499500
]]></system-out>
  <system-err><![CDATA[]]></system-err>
</testsuite>
