<?xml version="1.0" encoding="UTF-8"?>
<testsuite name="com.kodilla.patterns.strategy.social.UserTestSuite" tests="2" skipped="0" failures="0" errors="0" timestamp="2022-08-13T10:10:48" hostname="mbp-sebastian.home" time="0.01">
  <properties/>
  <testcase name="testDefaultSharingStrategies()" classname="com.kodilla.patterns.strategy.social.UserTestSuite" time="0.008"/>
  <testcase name="testIndividualSharingStrategy()" classname="com.kodilla.patterns.strategy.social.UserTestSuite" time="0.001"/>
  <system-out><![CDATA[John: Sharing Twitter post..
Orlando: Sharing Facebook post..
David: Sharing Snapchat post..
John: 
John now: Sharing Snapchat post..
]]></system-out>
  <system-err><![CDATA[]]></system-err>
</testsuite>
