<?xml version="1.0" encoding="UTF-8"?>
<testsuite name="com.kodilla.patterns.prototype.library.LibraryTestSuite" tests="1" skipped="0" failures="0" errors="0" timestamp="2022-08-11T22:52:16" hostname="MacBook-Pro-Sebastian.local" time="0.009">
  <properties/>
  <testcase name="testGetBooks()" classname="com.kodilla.patterns.prototype.library.LibraryTestSuite" time="0.009"/>
  <system-out><![CDATA[com.kodilla.patterns.prototype.library.Library@1e6a3214
com.kodilla.patterns.prototype.library.Library@1a6d8329
com.kodilla.patterns.prototype.library.Library@1a942c18
]]></system-out>
  <system-err><![CDATA[]]></system-err>
</testsuite>
