<?xml version="1.0" encoding="UTF-8"?>
<testsuite name="com.kodilla.patterns.factory.tasks.TaskFactoryTestSuite" tests="1" skipped="0" failures="0" errors="0" timestamp="2022-08-14T21:17:39" hostname="MBP-Sebastian" time="0.005">
  <properties/>
  <testcase name="testDrivingTask()" classname="com.kodilla.patterns.factory.tasks.TaskFactoryTestSuite" time="0.005"/>
  <system-out><![CDATA[]]></system-out>
  <system-err><![CDATA[]]></system-err>
</testsuite>
