<?xml version="1.0" encoding="UTF-8"?>
<testsuite name="com.kodilla.patterns2.decorator.pizza.PizzaOrderTestSuite" tests="3" skipped="0" failures="0" errors="0" timestamp="2022-11-18T16:00:21" hostname="MBP-Sebastian.home" time="0.009">
  <properties/>
  <testcase name="pizzaWithExtraCheeseTunaSalamiAndChiliSauce()" classname="com.kodilla.patterns2.decorator.pizza.PizzaOrderTestSuite" time="0.007"/>
  <testcase name="pizzaWithMushroomDoubleSalamiAndDoubleSauce()" classname="com.kodilla.patterns2.decorator.pizza.PizzaOrderTestSuite" time="0.001"/>
  <testcase name="pizzaWithExtraCheeseAndGarlicSauce()" classname="com.kodilla.patterns2.decorator.pizza.PizzaOrderTestSuite" time="0.001"/>
  <system-out><![CDATA[Your order: Italy pizza with tomato sauce, extra cheese, garlic sauce
]]></system-out>
  <system-err><![CDATA[]]></system-err>
</testsuite>
