<?xml version="1.0" encoding="UTF-8"?>
<testsuite name="com.kodilla.patterns2.facade.ShopServiceTestSuite" tests="1" skipped="0" failures="0" errors="0" timestamp="2022-11-18T09:52:16" hostname="MBP-Sebastian.home" time="0.157">
  <properties/>
  <testcase name="testShopFacade()" classname="com.kodilla.patterns2.facade.ShopServiceTestSuite" time="0.157"/>
  <system-out><![CDATA[10:52:15.997 [Test worker] DEBUG org.springframework.test.context.BootstrapUtils - Instantiating CacheAwareContextLoaderDelegate from class [org.springframework.test.context.cache.DefaultCacheAwareContextLoaderDelegate]
10:52:16.004 [Test worker] DEBUG org.springframework.test.context.BootstrapUtils - Instantiating BootstrapContext using constructor [public org.springframework.test.context.support.DefaultBootstrapContext(java.lang.Class,org.springframework.test.context.CacheAwareContextLoaderDelegate)]
10:52:16.015 [Test worker] DEBUG org.springframework.test.context.BootstrapUtils - Instantiating TestContextBootstrapper for test class [com.kodilla.patterns2.facade.ShopServiceTestSuite] from class [org.springframework.boot.test.context.SpringBootTestContextBootstrapper]
10:52:16.019 [Test worker] INFO org.springframework.boot.test.context.SpringBootTestContextBootstrapper - Neither @ContextConfiguration nor @ContextHierarchy found for test class [com.kodilla.patterns2.facade.ShopServiceTestSuite], using SpringBootContextLoader
10:52:16.020 [Test worker] DEBUG org.springframework.test.context.support.AbstractContextLoader - Did not detect default resource location for test class [com.kodilla.patterns2.facade.ShopServiceTestSuite]: class path resource [com/kodilla/patterns2/facade/ShopServiceTestSuite-context.xml] does not exist
10:52:16.020 [Test worker] DEBUG org.springframework.test.context.support.AbstractContextLoader - Did not detect default resource location for test class [com.kodilla.patterns2.facade.ShopServiceTestSuite]: class path resource [com/kodilla/patterns2/facade/ShopServiceTestSuiteContext.groovy] does not exist
10:52:16.021 [Test worker] INFO org.springframework.test.context.support.AbstractContextLoader - Could not detect default resource locations for test class [com.kodilla.patterns2.facade.ShopServiceTestSuite]: no resource found for suffixes {-context.xml, Context.groovy}.
10:52:16.021 [Test worker] INFO org.springframework.test.context.support.AnnotationConfigContextLoaderUtils - Could not detect default configuration classes for test class [com.kodilla.patterns2.facade.ShopServiceTestSuite]: ShopServiceTestSuite does not declare any static, non-private, non-final, nested classes annotated with @Configuration.
10:52:16.034 [Test worker] DEBUG org.springframework.test.context.support.ActiveProfilesUtils - Could not find an 'annotation declaring class' for annotation type [org.springframework.test.context.ActiveProfiles] and class [com.kodilla.patterns2.facade.ShopServiceTestSuite]
10:52:16.054 [Test worker] DEBUG org.springframework.context.annotation.ClassPathScanningCandidateComponentProvider - Identified candidate component class: file [/Users/sebastianboron/Sebastian-Boron-kodilla-java-course/kodilla-patterns2/build/classes/java/main/com/kodilla/patterns2/KodillaApplication.class]
10:52:16.055 [Test worker] INFO org.springframework.boot.test.context.SpringBootTestContextBootstrapper - Found @SpringBootConfiguration com.kodilla.patterns2.KodillaApplication for test class com.kodilla.patterns2.facade.ShopServiceTestSuite
10:52:16.117 [Test worker] DEBUG org.springframework.boot.test.context.SpringBootTestContextBootstrapper - @TestExecutionListeners is not present for class [com.kodilla.patterns2.facade.ShopServiceTestSuite]: using defaults.
10:52:16.117 [Test worker] INFO org.springframework.boot.test.context.SpringBootTestContextBootstrapper - Loaded default TestExecutionListener class names from location [META-INF/spring.factories]: [org.springframework.boot.test.autoconfigure.restdocs.RestDocsTestExecutionListener, org.springframework.boot.test.autoconfigure.web.client.MockRestServiceServerResetTestExecutionListener, org.springframework.boot.test.autoconfigure.web.servlet.MockMvcPrintOnlyOnFailureTestExecutionListener, org.springframework.boot.test.autoconfigure.web.servlet.WebDriverTestExecutionListener, org.springframework.boot.test.autoconfigure.webservices.client.MockWebServiceServerTestExecutionListener, org.springframework.boot.test.mock.mockito.MockitoTestExecutionListener, org.springframework.boot.test.mock.mockito.ResetMocksTestExecutionListener, org.springframework.test.context.web.ServletTestExecutionListener, org.springframework.test.context.support.DirtiesContextBeforeModesTestExecutionListener, org.springframework.test.context.support.DependencyInjectionTestExecutionListener, org.springframework.test.context.support.DirtiesContextTestExecutionListener, org.springframework.test.context.transaction.TransactionalTestExecutionListener, org.springframework.test.context.jdbc.SqlScriptsTestExecutionListener, org.springframework.test.context.event.EventPublishingTestExecutionListener]
10:52:16.123 [Test worker] DEBUG org.springframework.boot.test.context.SpringBootTestContextBootstrapper - Skipping candidate TestExecutionListener [org.springframework.test.context.web.ServletTestExecutionListener] due to a missing dependency. Specify custom listener classes or make the default listener classes and their required dependencies available. Offending class: [javax/servlet/ServletContext]
10:52:16.124 [Test worker] DEBUG org.springframework.boot.test.context.SpringBootTestContextBootstrapper - Skipping candidate TestExecutionListener [org.springframework.test.context.transaction.TransactionalTestExecutionListener] due to a missing dependency. Specify custom listener classes or make the default listener classes and their required dependencies available. Offending class: [org/springframework/transaction/TransactionDefinition]
10:52:16.125 [Test worker] DEBUG org.springframework.boot.test.context.SpringBootTestContextBootstrapper - Skipping candidate TestExecutionListener [org.springframework.test.context.jdbc.SqlScriptsTestExecutionListener] due to a missing dependency. Specify custom listener classes or make the default listener classes and their required dependencies available. Offending class: [org/springframework/transaction/interceptor/TransactionAttribute]
10:52:16.125 [Test worker] INFO org.springframework.boot.test.context.SpringBootTestContextBootstrapper - Using TestExecutionListeners: [org.springframework.test.context.support.DirtiesContextBeforeModesTestExecutionListener@62163b39, org.springframework.boot.test.mock.mockito.MockitoTestExecutionListener@20a8a64e, org.springframework.boot.test.autoconfigure.SpringBootDependencyInjectionTestExecutionListener@62f4ff3b, org.springframework.test.context.support.DirtiesContextTestExecutionListener@1698fc68, org.springframework.test.context.event.EventPublishingTestExecutionListener@4504d271, org.springframework.boot.test.autoconfigure.restdocs.RestDocsTestExecutionListener@207b8649, org.springframework.boot.test.autoconfigure.web.client.MockRestServiceServerResetTestExecutionListener@65b3a85a, org.springframework.boot.test.autoconfigure.web.servlet.MockMvcPrintOnlyOnFailureTestExecutionListener@34997338, org.springframework.boot.test.autoconfigure.web.servlet.WebDriverTestExecutionListener@57eda880, org.springframework.boot.test.autoconfigure.webservices.client.MockWebServiceServerTestExecutionListener@2b5825fa, org.springframework.boot.test.mock.mockito.ResetMocksTestExecutionListener@53d1b9b3]
10:52:16.128 [Test worker] DEBUG org.springframework.test.context.support.AbstractDirtiesContextTestExecutionListener - Before test class: context [DefaultTestContext@2a3c96e3 testClass = ShopServiceTestSuite, testInstance = [null], testMethod = [null], testException = [null], mergedContextConfiguration = [MergedContextConfiguration@15cafec7 testClass = ShopServiceTestSuite, locations = '{}', classes = '{class com.kodilla.patterns2.KodillaApplication}', contextInitializerClasses = '[]', activeProfiles = '{}', propertySourceLocations = '{}', propertySourceProperties = '{org.springframework.boot.test.context.SpringBootTestContextBootstrapper=true}', contextCustomizers = set[org.springframework.boot.test.autoconfigure.actuate.metrics.MetricsExportContextCustomizerFactory$DisableMetricExportContextCustomizer@14bee915, org.springframework.boot.test.autoconfigure.properties.PropertyMappingContextCustomizer@0, org.springframework.boot.test.autoconfigure.web.servlet.WebDriverContextCustomizerFactory$Customizer@7922d892, org.springframework.boot.test.context.filter.ExcludeFilterContextCustomizer@1e8b7643, org.springframework.boot.test.json.DuplicateJsonObjectContextCustomizerFactory$DuplicateJsonObjectContextCustomizer@73d983ea, org.springframework.boot.test.mock.mockito.MockitoContextCustomizer@0, org.springframework.boot.test.web.client.TestRestTemplateContextCustomizer@12d2ce03, org.springframework.boot.test.web.reactive.server.WebTestClientContextCustomizer@39ac0c0a, org.springframework.boot.test.context.SpringBootTestArgs@1, org.springframework.boot.test.context.SpringBootTestWebEnvironment@6f4a47c7], contextLoader = 'org.springframework.boot.test.context.SpringBootContextLoader', parent = [null]], attributes = map[[empty]]], class annotated with @DirtiesContext [false] with mode [null].
10:52:16.135 [Test worker] DEBUG org.springframework.test.context.support.DependencyInjectionTestExecutionListener - Performing dependency injection for test context [[DefaultTestContext@2a3c96e3 testClass = ShopServiceTestSuite, testInstance = com.kodilla.patterns2.facade.ShopServiceTestSuite@4879f0f2, testMethod = [null], testException = [null], mergedContextConfiguration = [MergedContextConfiguration@15cafec7 testClass = ShopServiceTestSuite, locations = '{}', classes = '{class com.kodilla.patterns2.KodillaApplication}', contextInitializerClasses = '[]', activeProfiles = '{}', propertySourceLocations = '{}', propertySourceProperties = '{org.springframework.boot.test.context.SpringBootTestContextBootstrapper=true}', contextCustomizers = set[org.springframework.boot.test.autoconfigure.actuate.metrics.MetricsExportContextCustomizerFactory$DisableMetricExportContextCustomizer@14bee915, org.springframework.boot.test.autoconfigure.properties.PropertyMappingContextCustomizer@0, org.springframework.boot.test.autoconfigure.web.servlet.WebDriverContextCustomizerFactory$Customizer@7922d892, org.springframework.boot.test.context.filter.ExcludeFilterContextCustomizer@1e8b7643, org.springframework.boot.test.json.DuplicateJsonObjectContextCustomizerFactory$DuplicateJsonObjectContextCustomizer@73d983ea, org.springframework.boot.test.mock.mockito.MockitoContextCustomizer@0, org.springframework.boot.test.web.client.TestRestTemplateContextCustomizer@12d2ce03, org.springframework.boot.test.web.reactive.server.WebTestClientContextCustomizer@39ac0c0a, org.springframework.boot.test.context.SpringBootTestArgs@1, org.springframework.boot.test.context.SpringBootTestWebEnvironment@6f4a47c7], contextLoader = 'org.springframework.boot.test.context.SpringBootContextLoader', parent = [null]], attributes = map[[empty]]]].
10:52:16.143 [Test worker] DEBUG org.springframework.test.context.support.TestPropertySourceUtils - Adding inlined properties to environment: {spring.jmx.enabled=false, org.springframework.boot.test.context.SpringBootTestContextBootstrapper=true}

  .   ____          _            __ _ _
 /\\ / ___'_ __ _ _(_)_ __  __ _ \ \ \ \
( ( )\___ | '_ | '_| | '_ \/ _` | \ \ \ \
 \\/  ___)| |_)| | | | | || (_| |  ) ) ) )
  '  |____| .__|_| |_|_| |_\__, | / / / /
 =========|_|==============|___/=/_/_/_/
 :: Spring Boot ::                (v2.4.0)

2022-11-18 10:52:16.268  INFO 9768 --- [    Test worker] c.k.p.facade.ShopServiceTestSuite        : Starting ShopServiceTestSuite using Java 17.0.3 on MBP-Sebastian.home with PID 9768 (started by sebastianboron in /Users/sebastianboron/Sebastian-Boron-kodilla-java-course/kodilla-patterns2)
2022-11-18 10:52:16.269  INFO 9768 --- [    Test worker] c.k.p.facade.ShopServiceTestSuite        : No active profile set, falling back to default profiles: default
2022-11-18 10:52:16.539  INFO 9768 --- [    Test worker] c.k.p.facade.ShopServiceTestSuite        : Started ShopServiceTestSuite in 0.394 seconds (JVM running for 0.989)
2022-11-18 10:52:16.691  INFO 9768 --- [    Test worker] c.k.patterns2.facade.api.OrderFacade     : Registering new order, ID: 1
2022-11-18 10:52:16.693  INFO 9768 --- [    Test worker] c.k.patterns2.facade.api.OrderFacade     : Adding item 10, 2.0 pcs
2022-11-18 10:52:16.693  INFO 9768 --- [    Test worker] c.k.patterns2.facade.api.OrderFacade     : Adding item 216, 1.0 pcs
2022-11-18 10:52:16.694  INFO 9768 --- [    Test worker] c.k.patterns2.facade.api.OrderFacade     : Adding item 25, 1.0 pcs
2022-11-18 10:52:16.694  INFO 9768 --- [    Test worker] c.k.patterns2.facade.api.OrderFacade     : Adding item 11, 3.0 pcs
2022-11-18 10:52:16.696  INFO 9768 --- [    Test worker] c.k.patterns2.facade.api.OrderFacade     : Order value is: 2169 USD
2022-11-18 10:52:16.696  INFO 9768 --- [    Test worker] c.k.patterns2.facade.api.OrderFacade     : Payment for order was done
2022-11-18 10:52:16.696 ERROR 9768 --- [    Test worker] c.k.patterns2.facade.api.OrderFacade     : Verification error
2022-11-18 10:52:16.696  INFO 9768 --- [    Test worker] c.k.patterns2.facade.api.OrderFacade     : Cancelling order 1
]]></system-out>
  <system-err><![CDATA[]]></system-err>
</testsuite>
