<?xml version="1.0" encoding="UTF-8"?>
<testsuite name="com.kodilla.patterns2.facade.ShopServiceTestSuite" tests="2" skipped="0" failures="0" errors="0" timestamp="2022-11-18T18:36:11" hostname="MBP-Sebastian.home" time="0.253">
  <properties/>
  <testcase name="testShopServiceSubmitOrder()" classname="com.kodilla.patterns2.facade.ShopServiceTestSuite" time="0.245"/>
  <testcase name="testShopFacade()" classname="com.kodilla.patterns2.facade.ShopServiceTestSuite" time="0.007"/>
  <system-out><![CDATA[19:36:11.090 [Test worker] DEBUG org.springframework.test.context.BootstrapUtils - Instantiating CacheAwareContextLoaderDelegate from class [org.springframework.test.context.cache.DefaultCacheAwareContextLoaderDelegate]
19:36:11.093 [Test worker] DEBUG org.springframework.test.context.BootstrapUtils - Instantiating BootstrapContext using constructor [public org.springframework.test.context.support.DefaultBootstrapContext(java.lang.Class,org.springframework.test.context.CacheAwareContextLoaderDelegate)]
19:36:11.125 [Test worker] DEBUG org.springframework.test.context.BootstrapUtils - Instantiating TestContextBootstrapper for test class [com.kodilla.patterns2.facade.ShopServiceTestSuite] from class [org.springframework.boot.test.context.SpringBootTestContextBootstrapper]
19:36:11.132 [Test worker] INFO org.springframework.boot.test.context.SpringBootTestContextBootstrapper - Neither @ContextConfiguration nor @ContextHierarchy found for test class [com.kodilla.patterns2.facade.ShopServiceTestSuite], using SpringBootContextLoader
19:36:11.135 [Test worker] DEBUG org.springframework.test.context.support.AbstractContextLoader - Did not detect default resource location for test class [com.kodilla.patterns2.facade.ShopServiceTestSuite]: class path resource [com/kodilla/patterns2/facade/ShopServiceTestSuite-context.xml] does not exist
19:36:11.136 [Test worker] DEBUG org.springframework.test.context.support.AbstractContextLoader - Did not detect default resource location for test class [com.kodilla.patterns2.facade.ShopServiceTestSuite]: class path resource [com/kodilla/patterns2/facade/ShopServiceTestSuiteContext.groovy] does not exist
19:36:11.136 [Test worker] INFO org.springframework.test.context.support.AbstractContextLoader - Could not detect default resource locations for test class [com.kodilla.patterns2.facade.ShopServiceTestSuite]: no resource found for suffixes {-context.xml, Context.groovy}.
19:36:11.136 [Test worker] INFO org.springframework.test.context.support.AnnotationConfigContextLoaderUtils - Could not detect default configuration classes for test class [com.kodilla.patterns2.facade.ShopServiceTestSuite]: ShopServiceTestSuite does not declare any static, non-private, non-final, nested classes annotated with @Configuration.
19:36:11.165 [Test worker] DEBUG org.springframework.test.context.support.ActiveProfilesUtils - Could not find an 'annotation declaring class' for annotation type [org.springframework.test.context.ActiveProfiles] and class [com.kodilla.patterns2.facade.ShopServiceTestSuite]
19:36:11.192 [Test worker] DEBUG org.springframework.context.annotation.ClassPathScanningCandidateComponentProvider - Identified candidate component class: file [/Users/sebastianboron/Sebastian-Boron-kodilla-java-course/kodilla-patterns2/build/classes/java/main/com/kodilla/patterns2/KodillaApplication.class]
19:36:11.192 [Test worker] INFO org.springframework.boot.test.context.SpringBootTestContextBootstrapper - Found @SpringBootConfiguration com.kodilla.patterns2.KodillaApplication for test class com.kodilla.patterns2.facade.ShopServiceTestSuite
19:36:11.220 [Test worker] DEBUG org.springframework.boot.test.context.SpringBootTestContextBootstrapper - @TestExecutionListeners is not present for class [com.kodilla.patterns2.facade.ShopServiceTestSuite]: using defaults.
19:36:11.221 [Test worker] INFO org.springframework.boot.test.context.SpringBootTestContextBootstrapper - Loaded default TestExecutionListener class names from location [META-INF/spring.factories]: [org.springframework.boot.test.autoconfigure.restdocs.RestDocsTestExecutionListener, org.springframework.boot.test.autoconfigure.web.client.MockRestServiceServerResetTestExecutionListener, org.springframework.boot.test.autoconfigure.web.servlet.MockMvcPrintOnlyOnFailureTestExecutionListener, org.springframework.boot.test.autoconfigure.web.servlet.WebDriverTestExecutionListener, org.springframework.boot.test.autoconfigure.webservices.client.MockWebServiceServerTestExecutionListener, org.springframework.boot.test.mock.mockito.MockitoTestExecutionListener, org.springframework.boot.test.mock.mockito.ResetMocksTestExecutionListener, org.springframework.test.context.web.ServletTestExecutionListener, org.springframework.test.context.support.DirtiesContextBeforeModesTestExecutionListener, org.springframework.test.context.event.ApplicationEventsTestExecutionListener, org.springframework.test.context.support.DependencyInjectionTestExecutionListener, org.springframework.test.context.support.DirtiesContextTestExecutionListener, org.springframework.test.context.transaction.TransactionalTestExecutionListener, org.springframework.test.context.jdbc.SqlScriptsTestExecutionListener, org.springframework.test.context.event.EventPublishingTestExecutionListener]
19:36:11.223 [Test worker] DEBUG org.springframework.boot.test.context.SpringBootTestContextBootstrapper - Skipping candidate TestExecutionListener [org.springframework.test.context.web.ServletTestExecutionListener] due to a missing dependency. Specify custom listener classes or make the default listener classes and their required dependencies available. Offending class: [javax/servlet/ServletContext]
19:36:11.224 [Test worker] DEBUG org.springframework.boot.test.context.SpringBootTestContextBootstrapper - Skipping candidate TestExecutionListener [org.springframework.test.context.transaction.TransactionalTestExecutionListener] due to a missing dependency. Specify custom listener classes or make the default listener classes and their required dependencies available. Offending class: [org/springframework/transaction/TransactionDefinition]
19:36:11.224 [Test worker] DEBUG org.springframework.boot.test.context.SpringBootTestContextBootstrapper - Skipping candidate TestExecutionListener [org.springframework.test.context.jdbc.SqlScriptsTestExecutionListener] due to a missing dependency. Specify custom listener classes or make the default listener classes and their required dependencies available. Offending class: [org/springframework/transaction/interceptor/TransactionAttribute]
19:36:11.224 [Test worker] INFO org.springframework.boot.test.context.SpringBootTestContextBootstrapper - Using TestExecutionListeners: [org.springframework.test.context.support.DirtiesContextBeforeModesTestExecutionListener@2bd2b28e, org.springframework.test.context.event.ApplicationEventsTestExecutionListener@16746061, org.springframework.boot.test.mock.mockito.MockitoTestExecutionListener@57fd91c9, org.springframework.boot.test.autoconfigure.SpringBootDependencyInjectionTestExecutionListener@6cfcd46d, org.springframework.test.context.support.DirtiesContextTestExecutionListener@52045dbe, org.springframework.test.context.event.EventPublishingTestExecutionListener@674658f7, org.springframework.boot.test.autoconfigure.restdocs.RestDocsTestExecutionListener@5c8eee0f, org.springframework.boot.test.autoconfigure.web.client.MockRestServiceServerResetTestExecutionListener@565b064f, org.springframework.boot.test.autoconfigure.web.servlet.MockMvcPrintOnlyOnFailureTestExecutionListener@26425897, org.springframework.boot.test.autoconfigure.web.servlet.WebDriverTestExecutionListener@73163d48, org.springframework.boot.test.autoconfigure.webservices.client.MockWebServiceServerTestExecutionListener@58c34bb3, org.springframework.boot.test.mock.mockito.ResetMocksTestExecutionListener@56a4479a]
19:36:11.226 [Test worker] DEBUG org.springframework.test.context.support.AbstractDirtiesContextTestExecutionListener - Before test class: context [DefaultTestContext@42e3ede4 testClass = ShopServiceTestSuite, testInstance = [null], testMethod = [null], testException = [null], mergedContextConfiguration = [MergedContextConfiguration@201b6b6f testClass = ShopServiceTestSuite, locations = '{}', classes = '{class com.kodilla.patterns2.KodillaApplication}', contextInitializerClasses = '[]', activeProfiles = '{}', propertySourceLocations = '{}', propertySourceProperties = '{org.springframework.boot.test.context.SpringBootTestContextBootstrapper=true}', contextCustomizers = set[org.springframework.boot.test.autoconfigure.actuate.metrics.MetricsExportContextCustomizerFactory$DisableMetricExportContextCustomizer@25f4878b, org.springframework.boot.test.autoconfigure.properties.PropertyMappingContextCustomizer@0, org.springframework.boot.test.autoconfigure.web.servlet.WebDriverContextCustomizerFactory$Customizer@43b9fd5, org.springframework.boot.test.context.filter.ExcludeFilterContextCustomizer@74a6f9c1, org.springframework.boot.test.json.DuplicateJsonObjectContextCustomizerFactory$DuplicateJsonObjectContextCustomizer@2d778add, org.springframework.boot.test.mock.mockito.MockitoContextCustomizer@0, org.springframework.boot.test.web.client.TestRestTemplateContextCustomizer@71e9ebae, org.springframework.boot.test.context.SpringBootTestArgs@1, org.springframework.boot.test.context.SpringBootTestWebEnvironment@2002fc1d], contextLoader = 'org.springframework.boot.test.context.SpringBootContextLoader', parent = [null]], attributes = map[[empty]]], class annotated with @DirtiesContext [false] with mode [null].
19:36:11.239 [Test worker] DEBUG org.springframework.test.context.support.DependencyInjectionTestExecutionListener - Performing dependency injection for test context [[DefaultTestContext@42e3ede4 testClass = ShopServiceTestSuite, testInstance = com.kodilla.patterns2.facade.ShopServiceTestSuite@5c3b6c6e, testMethod = [null], testException = [null], mergedContextConfiguration = [MergedContextConfiguration@201b6b6f testClass = ShopServiceTestSuite, locations = '{}', classes = '{class com.kodilla.patterns2.KodillaApplication}', contextInitializerClasses = '[]', activeProfiles = '{}', propertySourceLocations = '{}', propertySourceProperties = '{org.springframework.boot.test.context.SpringBootTestContextBootstrapper=true}', contextCustomizers = set[org.springframework.boot.test.autoconfigure.actuate.metrics.MetricsExportContextCustomizerFactory$DisableMetricExportContextCustomizer@25f4878b, org.springframework.boot.test.autoconfigure.properties.PropertyMappingContextCustomizer@0, org.springframework.boot.test.autoconfigure.web.servlet.WebDriverContextCustomizerFactory$Customizer@43b9fd5, org.springframework.boot.test.context.filter.ExcludeFilterContextCustomizer@74a6f9c1, org.springframework.boot.test.json.DuplicateJsonObjectContextCustomizerFactory$DuplicateJsonObjectContextCustomizer@2d778add, org.springframework.boot.test.mock.mockito.MockitoContextCustomizer@0, org.springframework.boot.test.web.client.TestRestTemplateContextCustomizer@71e9ebae, org.springframework.boot.test.context.SpringBootTestArgs@1, org.springframework.boot.test.context.SpringBootTestWebEnvironment@2002fc1d], contextLoader = 'org.springframework.boot.test.context.SpringBootContextLoader', parent = [null]], attributes = map['org.springframework.test.context.event.ApplicationEventsTestExecutionListener.recordApplicationEvents' -> false]]].

  .   ____          _            __ _ _
 /\\ / ___'_ __ _ _(_)_ __  __ _ \ \ \ \
( ( )\___ | '_ | '_| | '_ \/ _` | \ \ \ \
 \\/  ___)| |_)| | | | | || (_| |  ) ) ) )
  '  |____| .__|_| |_|_| |_\__, | / / / /
 =========|_|==============|___/=/_/_/_/
 :: Spring Boot ::                (v2.7.3)

2022-11-18 19:36:11.461  INFO 14527 --- [    Test worker] c.k.p.facade.ShopServiceTestSuite        : Starting ShopServiceTestSuite using Java 17.0.3 on MBP-Sebastian.home with PID 14527 (started by sebastianboron in /Users/sebastianboron/Sebastian-Boron-kodilla-java-course/kodilla-patterns2)
2022-11-18 19:36:11.461  INFO 14527 --- [    Test worker] c.k.p.facade.ShopServiceTestSuite        : No active profile set, falling back to 1 default profile: "default"
2022-11-18 19:36:11.863  INFO 14527 --- [    Test worker] c.k.p.facade.ShopServiceTestSuite        : Started ShopServiceTestSuite in 0.597 seconds (JVM running for 1.221)
Registering new order, ID: 1
Adding item: 10, 2 pcs
Adding item: 216, 1 pc
Adding item: 25, 1 pc
Adding item: 100, 2.5 pcs
Adding item: 11, 3 pcs
Item 100 was deleted from order
Order value is: 3829 USD
Payment for order was done
Order is ready to submit
Order submitted - have a nice day!
2022-11-18 19:36:12.115  INFO 14527 --- [    Test worker] c.k.patterns2.facade.api.FacadeWatcher   : Logging event
2022-11-18 19:36:12.120  INFO 14527 --- [    Test worker] c.k.patterns2.facade.api.OrderFacade     : Registering new order, ID: -1
2022-11-18 19:36:12.120 ERROR 14527 --- [    Test worker] c.k.patterns2.facade.api.OrderFacade     : User is not authorised
2022-11-18 19:36:12.120 ERROR 14527 --- [    Test worker] c.k.patterns2.facade.api.FacadeWatcher   : Throw event
2022-11-18 19:36:12.120 ERROR 14527 --- [    Test worker] c.k.patterns2.facade.api.FacadeWatcher   : User is not authorised
]]></system-out>
  <system-err><![CDATA[]]></system-err>
</testsuite>
