<?xml version="1.0" encoding="UTF-8"?>
<testsuite name="com.kodilla.jdbc.StoredProcTestSuite" tests="1" skipped="0" failures="0" errors="0" timestamp="2022-12-06T19:06:29" hostname="MBP-Sebastian" time="0.095">
  <properties/>
  <testcase name="testUpdateBestsellers()" classname="com.kodilla.jdbc.StoredProcTestSuite" time="0.095"/>
  <system-out><![CDATA[]]></system-out>
  <system-err><![CDATA[]]></system-err>
</testsuite>
